#
# There is insufficient memory for the Java Runtime Environment to continue.
# Native memory allocation (mmap) failed to map 5652480 bytes. Error detail: G1 virtual space
# Possible reasons:
#   The system is out of physical RAM or swap space
#   This process is running with CompressedOops enabled, and the Java Heap may be blocking the growth of the native heap
# Possible solutions:
#   Reduce memory load on the system
#   Increase physical memory or swap space
#   Check if swap backing store is full
#   Decrease Java heap size (-Xmx/-Xms)
#   Decrease number of Java threads
#   Decrease Java thread stack sizes (-Xss)
#   Set larger code cache with -XX:ReservedCodeCacheSize=
#   JVM is running with Unscaled Compressed Oops mode in which the Java heap is
#     placed in the first 4GB address space. The Java Heap base address is the
#     maximum limit for the native heap growth. Please use -XX:HeapBaseMinAddress
#     to set the Java Heap base and to place the Java Heap above 4GB virtual address.
# This output file may be truncated or incomplete.
#
#  Out of Memory Error (os_windows.cpp:3554), pid=10704, tid=5144
#
# JRE version: OpenJDK Runtime Environment Temurin-25.0.2+10 (25.0.2+10) (build 25.0.2+10-LTS)
# Java VM: OpenJDK 64-Bit Server VM Temurin-25.0.2+10 (25.0.2+10-LTS, mixed mode, sharing, tiered, compressed oops, compressed class ptrs, g1 gc, windows-amd64)
# No core dump will be written. Minidumps are not enabled by default on client versions of Windows
#

---------------  S U M M A R Y ------------

Command Line: -Dsun.stdout.encoding=UTF-8 -Dsun.stderr.encoding=UTF-8 --enable-native-access=ALL-UNNAMED -Dclassworlds.conf=C:\Program Files\Apache NetBeans\java\maven\bin\m2.conf -Dmaven.home=C:\Program Files\Apache NetBeans\java\maven -Dlibrary.jansi.path=C:\Program Files\Apache NetBeans\java\maven\lib\jansi-native -Dmaven.multiModuleProjectDirectory=C:\Users\alexp\OneDrive\Documentos\NetBeansProjects\LibreriaEdex org.codehaus.plexus.classworlds.launcher.Launcher -Dnetbeans.deploy=true -Dexec.vmArgs= -Dexec.appArgs= -Dmaven.ext.class.path=C:\Program Files\Apache NetBeans\java\maven-nblib\netbeans-eventspy.jar --no-transfer-progress package

Host: Intel(R) Core(TM) i3-N305, 8 cores, 7G,  Windows 11 , 64 bit Build 26100 (10.0.26100.8246)
Time: Mon Apr 27 20:01:57 2026 Hora est嫕dar de Paraguay elapsed time: 17.430789 seconds (0d 0h 0m 17s)

---------------  T H R E A D  ---------------

Current thread (0x00000209bcee70b0):  VMThread "VM Thread"          [id=5144, stack(0x000000d7a6e00000,0x000000d7a6f00000) (1024K)]

Stack: [0x000000d7a6e00000,0x000000d7a6f00000]
Native frames: (J=compiled Java code, j=interpreted, Vv=VM code, C=native code)
V  [jvm.dll+0x7a8bc9]  (no source info available)
V  [jvm.dll+0x77310d]  (no source info available)
V  [jvm.dll+0x9f55f3]  (no source info available)
V  [jvm.dll+0x9f7be1]  (no source info available)
V  [jvm.dll+0x9f82f3]  (no source info available)
V  [jvm.dll+0x2fce26]  (no source info available)
V  [jvm.dll+0x7a4df5]  (no source info available)
V  [jvm.dll+0x798257]  (no source info available)
V  [jvm.dll+0x3f5248]  (no source info available)
V  [jvm.dll+0x3fd1b6]  (no source info available)
V  [jvm.dll+0x3e9933]  (no source info available)
V  [jvm.dll+0x3e9bd8]  (no source info available)
V  [jvm.dll+0x3c0c05]  (no source info available)
V  [jvm.dll+0x3c0c9a]  (no source info available)
V  [jvm.dll+0x40df96]  (no source info available)
V  [jvm.dll+0x40c8a8]  (no source info available)
V  [jvm.dll+0x3c0337]  (no source info available)
V  [jvm.dll+0x40c066]  (no source info available)
V  [jvm.dll+0x9fe542]  (no source info available)
V  [jvm.dll+0x9ff861]  (no source info available)
V  [jvm.dll+0x9ffdd8]  (no source info available)
V  [jvm.dll+0xa00073]  (no source info available)
V  [jvm.dll+0x996b0d]  (no source info available)
V  [jvm.dll+0x7a71a5]  (no source info available)
C  [ucrtbase.dll+0x37b0]  (no source info available)
C  [KERNEL32.DLL+0x2e8d7]  (no source info available)
C  [ntdll.dll+0x8c3fc]  (no source info available)

VM_Operation (0x000000d7a87fe918): G1TryInitiateConcMark, mode: safepoint, requested by thread 0x00000209c4b699d0


---------------  P R O C E S S  ---------------

Threads class SMR info:
_java_thread_list=0x00000209c48d8d20, length=19, elements={
0x000002099dd72a60, 0x00000209bcef8eb0, 0x00000209bcef97c0, 0x00000209bcefc370,
0x00000209bcefe1c0, 0x00000209bceff520, 0x00000209bcf00210, 0x00000209bcf09070,
0x00000209bcf162c0, 0x00000209c10aead0, 0x00000209c10b6b40, 0x00000209c3772ee0,
0x00000209c4b643e0, 0x00000209c4b67a90, 0x00000209c4b69200, 0x00000209c4b699d0,
0x00000209c33d2f10, 0x00000209c33d0fd0, 0x00000209c33d17a0
}

Java Threads: ( => current thread )
  0x000002099dd72a60 JavaThread "main"                              [_thread_blocked, id=4176, stack(0x000000d7a6700000,0x000000d7a6800000) (1024K)]
  0x00000209bcef8eb0 JavaThread "Reference Handler"          daemon [_thread_blocked, id=13632, stack(0x000000d7a6f00000,0x000000d7a7000000) (1024K)]
  0x00000209bcef97c0 JavaThread "Finalizer"                  daemon [_thread_blocked, id=2376, stack(0x000000d7a7000000,0x000000d7a7100000) (1024K)]
  0x00000209bcefc370 JavaThread "Signal Dispatcher"          daemon [_thread_blocked, id=15200, stack(0x000000d7a7100000,0x000000d7a7200000) (1024K)]
  0x00000209bcefe1c0 JavaThread "Attach Listener"            daemon [_thread_blocked, id=5436, stack(0x000000d7a7200000,0x000000d7a7300000) (1024K)]
  0x00000209bceff520 JavaThread "Service Thread"             daemon [_thread_blocked, id=10340, stack(0x000000d7a7300000,0x000000d7a7400000) (1024K)]
  0x00000209bcf00210 JavaThread "Monitor Deflation Thread"   daemon [_thread_blocked, id=1452, stack(0x000000d7a7400000,0x000000d7a7500000) (1024K)]
  0x00000209bcf09070 JavaThread "C2 CompilerThread0"         daemon [_thread_blocked, id=5532, stack(0x000000d7a7500000,0x000000d7a7600000) (1024K)]
  0x00000209bcf162c0 JavaThread "C1 CompilerThread0"         daemon [_thread_blocked, id=9016, stack(0x000000d7a7600000,0x000000d7a7700000) (1024K)]
  0x00000209c10aead0 JavaThread "Notification Thread"        daemon [_thread_blocked, id=9956, stack(0x000000d7a7700000,0x000000d7a7800000) (1024K)]
  0x00000209c10b6b40 JavaThread "Common-Cleaner"             daemon [_thread_blocked, id=9044, stack(0x000000d7a7800000,0x000000d7a7900000) (1024K)]
  0x00000209c3772ee0 JavaThread "Cleaner-0"                  daemon [_thread_blocked, id=7540, stack(0x000000d7a8300000,0x000000d7a8400000) (1024K)]
  0x00000209c4b643e0 JavaThread "Cleaner-1"                  daemon [_thread_blocked, id=100, stack(0x000000d7a8200000,0x000000d7a8300000) (1024K)]
  0x00000209c4b67a90 JavaThread "Java2D Disposer"            daemon [_thread_blocked, id=6528, stack(0x000000d7a8500000,0x000000d7a8600000) (1024K)]
  0x00000209c4b69200 JavaThread "pool-2-thread-1"                   [_thread_blocked, id=13664, stack(0x000000d7a8600000,0x000000d7a8700000) (1024K)]
  0x00000209c4b699d0 JavaThread "pool-2-thread-2"                   [_thread_blocked, id=14524, stack(0x000000d7a8700000,0x000000d7a8800000) (1024K)]
  0x00000209c33d2f10 JavaThread "pool-2-thread-3"                   [_thread_blocked, id=6352, stack(0x000000d7a8800000,0x000000d7a8900000) (1024K)]
  0x00000209c33d0fd0 JavaThread "pool-2-thread-4"                   [_thread_blocked, id=15292, stack(0x000000d7a8900000,0x000000d7a8a00000) (1024K)]
  0x00000209c33d17a0 JavaThread "AWT-Windows"                daemon [_thread_in_native, id=4396, stack(0x000000d7a8b00000,0x000000d7a8c00000) (1024K)]
Total: 19

Other Threads:
=>0x00000209bcee70b0 VMThread "VM Thread"                           [id=5144, stack(0x000000d7a6e00000,0x000000d7a6f00000) (1024K)]
  0x00000209bced6da0 WatcherThread "VM Periodic Task Thread"        [id=10960, stack(0x000000d7a6d00000,0x000000d7a6e00000) (1024K)]
  0x00000209a00e5ec0 WorkerThread "GC Thread#0"                     [id=2604, stack(0x000000d7a6800000,0x000000d7a6900000) (1024K)]
  0x00000209c21e7a00 WorkerThread "GC Thread#1"                     [id=4412, stack(0x000000d7a7a00000,0x000000d7a7b00000) (1024K)]
  0x00000209c21e7e30 WorkerThread "GC Thread#2"                     [id=14148, stack(0x000000d7a7b00000,0x000000d7a7c00000) (1024K)]
  0x00000209c1fe96d0 WorkerThread "GC Thread#3"                     [id=12608, stack(0x000000d7a7c00000,0x000000d7a7d00000) (1024K)]
  0x00000209c1fe9f10 WorkerThread "GC Thread#4"                     [id=10620, stack(0x000000d7a7d00000,0x000000d7a7e00000) (1024K)]
  0x00000209c24e1940 WorkerThread "GC Thread#5"                     [id=14688, stack(0x000000d7a7f00000,0x000000d7a8000000) (1024K)]
  0x00000209c24e4010 WorkerThread "GC Thread#6"                     [id=11424, stack(0x000000d7a8000000,0x000000d7a8100000) (1024K)]
  0x00000209c24e0800 WorkerThread "GC Thread#7"                     [id=4344, stack(0x000000d7a8100000,0x000000d7a8200000) (1024K)]
  0x00000209a00ffd00 ConcurrentGCThread "G1 Main Marker"            [id=14744, stack(0x000000d7a6900000,0x000000d7a6a00000) (1024K)]
  0x00000209a01025a0 WorkerThread "G1 Conc#0"                       [id=8688, stack(0x000000d7a6a00000,0x000000d7a6b00000) (1024K)]
  0x00000209c2587680 WorkerThread "G1 Conc#1"                       [id=12040, stack(0x000000d7a7e00000,0x000000d7a7f00000) (1024K)]
  0x00000209a014d880 ConcurrentGCThread "G1 Refine#0"               [id=3244, stack(0x000000d7a6b00000,0x000000d7a6c00000) (1024K)]
  0x00000209a014e290 ConcurrentGCThread "G1 Service"                [id=13108, stack(0x000000d7a6c00000,0x000000d7a6d00000) (1024K)]
Total: 15

Threads with active compile tasks:
Total: 0

VM state: at safepoint (normal execution)

VM Mutex/Monitor currently owned by a thread:  ([mutex/lock_event])
[0x00007ff88ccb63c8] Threads_lock - owner thread: 0x00000209bcee70b0
[0x00007ff88ccb6548] Heap_lock - owner thread: 0x00000209c4b699d0

Heap address: 0x0000000085e00000, size: 1954 MB, Compressed Oops mode: 32-bit

CDS archive(s) mapped at: [0x000000000a000000-0x000000000add0000-0x000000000add0000), size 14483456, SharedBaseAddress: 0x000000000a000000, ArchiveRelocationMode: 1.
Compressed class space mapped at: 0x000000000b000000-0x000000004b000000, reserved size: 1073741824
UseCompressedClassPointers 1, UseCompactObjectHeaders 0
Narrow klass pointer bits 32, Max shift 3
Narrow klass base: 0x000000000a000000, Narrow klass shift: 0
Encoding Range: [0x000000000a000000 - 0x000000010a000000), (4294967296 bytes)
Klass Range:    [0x000000000a010000 - 0x000000004b000000), (1090453504 bytes)
Klass ID Range:  [65536 - 1090519033) (1090453497)
Protection zone: [0x000000000a000000 - 0x000000000a010000), (65536 bytes)

GC Precious Log:
 CardTable entry size: 512
 Card Set container configuration: InlinePtr #cards 5 size 8 Array Of Cards #cards 10 size 36 Howl #buckets 4 coarsen threshold 1843 Howl Bitmap #cards 512 size 80 coarsen threshold 460 Card regions per heap region 1 cards per card region 2048
 CPUs: 8 total, 8 available
 Memory: 7815M
 Large Page Support: Disabled
 NUMA Support: Disabled
 Compressed Oops: Enabled (32-bit)
 Heap Region Size: 1M
 Heap Min Capacity: 8M
 Heap Initial Capacity: 124M
 Heap Max Capacity: 1954M
 Pre-touch: Disabled
 Parallel Workers: 8
 Concurrent Workers: 2
 Concurrent Refinement Workers: 8
 Periodic GC: Disabled

Heap:
 garbage-first heap   total reserved 2000896K, committed 308224K, used 94802K [0x0000000085e00000, 0x0000000100000000)
  region size 1024K, 3 young (3072K), 3 survivors (3072K)

Heap Regions: E=young(eden), S=young(survivor), O=old, HS=humongous(starts), HC=humongous(continues), CS=collection set, F=free, TAMS=top-at-mark-start, PB=parsable bottom
|   0|0x0000000085e00000, 0x0000000085f00000, 0x0000000085f00000|100%| O|  |TAMS 0x0000000085f00000| PB 0x0000000085e00000| Untracked |  0
|   1|0x0000000085f00000, 0x0000000086000000, 0x0000000086000000|100%| O|  |TAMS 0x0000000086000000| PB 0x0000000085f00000| Untracked |  0
|   2|0x0000000086000000, 0x0000000086100000, 0x0000000086100000|100%| O|  |TAMS 0x0000000086100000| PB 0x0000000086000000| Untracked |  0
|   3|0x0000000086100000, 0x0000000086200000, 0x0000000086200000|100%| O|  |TAMS 0x0000000086200000| PB 0x0000000086100000| Untracked |  0
|   4|0x0000000086200000, 0x0000000086300000, 0x0000000086300000|100%| O|  |TAMS 0x0000000086300000| PB 0x0000000086200000| Untracked |  0
|   5|0x0000000086300000, 0x0000000086400000, 0x0000000086400000|100%| O|  |TAMS 0x0000000086400000| PB 0x0000000086300000| Untracked |  0
|   6|0x0000000086400000, 0x0000000086500000, 0x0000000086500000|100%| O|  |TAMS 0x0000000086500000| PB 0x0000000086400000| Untracked |  0
|   7|0x0000000086500000, 0x0000000086600000, 0x0000000086600000|100%| O|  |TAMS 0x0000000086600000| PB 0x0000000086500000| Untracked |  0
|   8|0x0000000086600000, 0x0000000086700000, 0x0000000086700000|100%| O|  |TAMS 0x0000000086700000| PB 0x0000000086600000| Untracked |  0
|   9|0x0000000086700000, 0x0000000086800000, 0x0000000086800000|100%| O|  |TAMS 0x0000000086800000| PB 0x0000000086700000| Untracked |  0
|  10|0x0000000086800000, 0x0000000086900000, 0x0000000086900000|100%|HS|  |TAMS 0x0000000086900000| PB 0x0000000086800000| Complete |  0
|  11|0x0000000086900000, 0x0000000086a00000, 0x0000000086a00000|100%|HC|  |TAMS 0x0000000086a00000| PB 0x0000000086900000| Complete |  0
|  12|0x0000000086a00000, 0x0000000086b00000, 0x0000000086b00000|100%| O|  |TAMS 0x0000000086b00000| PB 0x0000000086a00000| Untracked |  0
|  13|0x0000000086b00000, 0x0000000086c00000, 0x0000000086c00000|100%| O|  |TAMS 0x0000000086c00000| PB 0x0000000086b00000| Untracked |  0
|  14|0x0000000086c00000, 0x0000000086d00000, 0x0000000086d00000|100%| O|  |TAMS 0x0000000086d00000| PB 0x0000000086c00000| Untracked |  0
|  15|0x0000000086d00000, 0x0000000086e00000, 0x0000000086e00000|100%| O|  |TAMS 0x0000000086e00000| PB 0x0000000086d00000| Untracked |  0
|  16|0x0000000086e00000, 0x0000000086e00000, 0x0000000086f00000|  0%| F|  |TAMS 0x0000000086e00000| PB 0x0000000086e00000| Untracked |  0
|  17|0x0000000086f00000, 0x0000000086f00000, 0x0000000087000000|  0%| F|  |TAMS 0x0000000086f00000| PB 0x0000000086f00000| Untracked |  0
|  18|0x0000000087000000, 0x0000000087100000, 0x0000000087100000|100%| O|  |TAMS 0x0000000087100000| PB 0x0000000087000000| Untracked |  0
|  19|0x0000000087100000, 0x0000000087200000, 0x0000000087200000|100%| O|  |TAMS 0x0000000087200000| PB 0x0000000087100000| Untracked |  0
|  20|0x0000000087200000, 0x0000000087300000, 0x0000000087300000|100%| O|  |TAMS 0x0000000087300000| PB 0x0000000087200000| Untracked |  0
|  21|0x0000000087300000, 0x0000000087300000, 0x0000000087400000|  0%| F|  |TAMS 0x0000000087300000| PB 0x0000000087300000| Untracked |  0
|  22|0x0000000087400000, 0x0000000087500000, 0x0000000087500000|100%| O|  |TAMS 0x0000000087500000| PB 0x0000000087400000| Untracked |  0
|  23|0x0000000087500000, 0x0000000087600000, 0x0000000087600000|100%| O|  |TAMS 0x0000000087600000| PB 0x0000000087500000| Untracked |  0
|  24|0x0000000087600000, 0x0000000087600000, 0x0000000087700000|  0%| F|  |TAMS 0x0000000087600000| PB 0x0000000087600000| Untracked |  0
|  25|0x0000000087700000, 0x0000000087800000, 0x0000000087800000|100%|HS|  |TAMS 0x0000000087800000| PB 0x0000000087700000| Complete |  0
|  26|0x0000000087800000, 0x0000000087900000, 0x0000000087900000|100%|HS|  |TAMS 0x0000000087900000| PB 0x0000000087800000| Complete |  0
|  27|0x0000000087900000, 0x0000000087a00000, 0x0000000087a00000|100%|HC|  |TAMS 0x0000000087a00000| PB 0x0000000087900000| Complete |  0
|  28|0x0000000087a00000, 0x0000000087b00000, 0x0000000087b00000|100%| O|  |TAMS 0x0000000087b00000| PB 0x0000000087a00000| Untracked |  0
|  29|0x0000000087b00000, 0x0000000087b00000, 0x0000000087c00000|  0%| F|  |TAMS 0x0000000087b00000| PB 0x0000000087b00000| Untracked |  0
|  30|0x0000000087c00000, 0x0000000087c00000, 0x0000000087d00000|  0%| F|  |TAMS 0x0000000087c00000| PB 0x0000000087c00000| Untracked |  0
|  31|0x0000000087d00000, 0x0000000087e00000, 0x0000000087e00000|100%| O|  |TAMS 0x0000000087e00000| PB 0x0000000087d00000| Untracked |  0
|  32|0x0000000087e00000, 0x0000000087e00000, 0x0000000087f00000|  0%| F|  |TAMS 0x0000000087e00000| PB 0x0000000087e00000| Untracked |  0
|  33|0x0000000087f00000, 0x0000000087f00000, 0x0000000088000000|  0%| F|  |TAMS 0x0000000087f00000| PB 0x0000000087f00000| Untracked |  0
|  34|0x0000000088000000, 0x0000000088100000, 0x0000000088100000|100%| O|  |TAMS 0x0000000088100000| PB 0x0000000088000000| Untracked |  0
|  35|0x0000000088100000, 0x0000000088200000, 0x0000000088200000|100%| O|  |TAMS 0x0000000088200000| PB 0x0000000088100000| Untracked |  0
|  36|0x0000000088200000, 0x0000000088300000, 0x0000000088300000|100%| O|  |TAMS 0x0000000088300000| PB 0x0000000088200000| Untracked |  0
|  37|0x0000000088300000, 0x0000000088300000, 0x0000000088400000|  0%| F|  |TAMS 0x0000000088300000| PB 0x0000000088300000| Untracked |  0
|  38|0x0000000088400000, 0x0000000088400000, 0x0000000088500000|  0%| F|  |TAMS 0x0000000088400000| PB 0x0000000088400000| Untracked |  0
|  39|0x0000000088500000, 0x0000000088500000, 0x0000000088600000|  0%| F|  |TAMS 0x0000000088500000| PB 0x0000000088500000| Untracked |  0
|  40|0x0000000088600000, 0x0000000088700000, 0x0000000088700000|100%| O|  |TAMS 0x0000000088700000| PB 0x0000000088600000| Untracked |  0
|  41|0x0000000088700000, 0x0000000088700000, 0x0000000088800000|  0%| F|  |TAMS 0x0000000088700000| PB 0x0000000088700000| Untracked |  0
|  42|0x0000000088800000, 0x0000000088800000, 0x0000000088900000|  0%| F|  |TAMS 0x0000000088800000| PB 0x0000000088800000| Untracked |  0
|  43|0x0000000088900000, 0x0000000088900000, 0x0000000088a00000|  0%| F|  |TAMS 0x0000000088900000| PB 0x0000000088900000| Untracked |  0
|  44|0x0000000088a00000, 0x0000000088a00000, 0x0000000088b00000|  0%| F|  |TAMS 0x0000000088a00000| PB 0x0000000088a00000| Untracked |  0
|  45|0x0000000088b00000, 0x0000000088c00000, 0x0000000088c00000|100%| O|  |TAMS 0x0000000088c00000| PB 0x0000000088b00000| Untracked |  0
|  46|0x0000000088c00000, 0x0000000088d00000, 0x0000000088d00000|100%|HS|  |TAMS 0x0000000088d00000| PB 0x0000000088c00000| Complete |  0
|  47|0x0000000088d00000, 0x0000000088e00000, 0x0000000088e00000|100%|HC|  |TAMS 0x0000000088e00000| PB 0x0000000088d00000| Complete |  0
|  48|0x0000000088e00000, 0x0000000088f00000, 0x0000000088f00000|100%| O|  |TAMS 0x0000000088f00000| PB 0x0000000088e00000| Untracked |  0
|  49|0x0000000088f00000, 0x0000000088f00000, 0x0000000089000000|  0%| F|  |TAMS 0x0000000088f00000| PB 0x0000000088f00000| Untracked |  0
|  50|0x0000000089000000, 0x0000000089000000, 0x0000000089100000|  0%| F|  |TAMS 0x0000000089000000| PB 0x0000000089000000| Untracked |  0
|  51|0x0000000089100000, 0x0000000089100000, 0x0000000089200000|  0%| F|  |TAMS 0x0000000089100000| PB 0x0000000089100000| Untracked |  0
|  52|0x0000000089200000, 0x0000000089200000, 0x0000000089300000|  0%| F|  |TAMS 0x0000000089200000| PB 0x0000000089200000| Untracked |  0
|  53|0x0000000089300000, 0x0000000089300000, 0x0000000089400000|  0%| F|  |TAMS 0x0000000089300000| PB 0x0000000089300000| Untracked |  0
|  54|0x0000000089400000, 0x0000000089400000, 0x0000000089500000|  0%| F|  |TAMS 0x0000000089400000| PB 0x0000000089400000| Untracked |  0
|  55|0x0000000089500000, 0x0000000089500000, 0x0000000089600000|  0%| F|  |TAMS 0x0000000089500000| PB 0x0000000089500000| Untracked |  0
|  56|0x0000000089600000, 0x0000000089600000, 0x0000000089700000|  0%| F|  |TAMS 0x0000000089600000| PB 0x0000000089600000| Untracked |  0
|  57|0x0000000089700000, 0x0000000089700000, 0x0000000089800000|  0%| F|  |TAMS 0x0000000089700000| PB 0x0000000089700000| Untracked |  0
|  58|0x0000000089800000, 0x0000000089800000, 0x0000000089900000|  0%| F|  |TAMS 0x0000000089800000| PB 0x0000000089800000| Untracked |  0
|  59|0x0000000089900000, 0x0000000089900000, 0x0000000089a00000|  0%| F|  |TAMS 0x0000000089900000| PB 0x0000000089900000| Untracked |  0
|  60|0x0000000089a00000, 0x0000000089a00000, 0x0000000089b00000|  0%| F|  |TAMS 0x0000000089a00000| PB 0x0000000089a00000| Untracked |  0
|  61|0x0000000089b00000, 0x0000000089b00000, 0x0000000089c00000|  0%| F|  |TAMS 0x0000000089b00000| PB 0x0000000089b00000| Untracked |  0
|  62|0x0000000089c00000, 0x0000000089c00000, 0x0000000089d00000|  0%| F|  |TAMS 0x0000000089c00000| PB 0x0000000089c00000| Untracked |  0
|  63|0x0000000089d00000, 0x0000000089d00000, 0x0000000089e00000|  0%| F|  |TAMS 0x0000000089d00000| PB 0x0000000089d00000| Untracked |  0
|  64|0x0000000089e00000, 0x0000000089e00000, 0x0000000089f00000|  0%| F|  |TAMS 0x0000000089e00000| PB 0x0000000089e00000| Untracked |  0
|  65|0x0000000089f00000, 0x0000000089f00000, 0x000000008a000000|  0%| F|  |TAMS 0x0000000089f00000| PB 0x0000000089f00000| Untracked |  0
|  66|0x000000008a000000, 0x000000008a000000, 0x000000008a100000|  0%| F|  |TAMS 0x000000008a000000| PB 0x000000008a000000| Untracked |  0
|  67|0x000000008a100000, 0x000000008a100000, 0x000000008a200000|  0%| F|  |TAMS 0x000000008a100000| PB 0x000000008a100000| Untracked |  0
|  68|0x000000008a200000, 0x000000008a200000, 0x000000008a300000|  0%| F|  |TAMS 0x000000008a200000| PB 0x000000008a200000| Untracked |  0
|  69|0x000000008a300000, 0x000000008a300000, 0x000000008a400000|  0%| F|  |TAMS 0x000000008a300000| PB 0x000000008a300000| Untracked |  0
|  70|0x000000008a400000, 0x000000008a400000, 0x000000008a500000|  0%| F|  |TAMS 0x000000008a400000| PB 0x000000008a400000| Untracked |  0
|  71|0x000000008a500000, 0x000000008a500000, 0x000000008a600000|  0%| F|  |TAMS 0x000000008a500000| PB 0x000000008a500000| Untracked |  0
|  72|0x000000008a600000, 0x000000008a600000, 0x000000008a700000|  0%| F|  |TAMS 0x000000008a600000| PB 0x000000008a600000| Untracked |  0
|  73|0x000000008a700000, 0x000000008a700000, 0x000000008a800000|  0%| F|  |TAMS 0x000000008a700000| PB 0x000000008a700000| Untracked |  0
|  74|0x000000008a800000, 0x000000008a800000, 0x000000008a900000|  0%| F|  |TAMS 0x000000008a800000| PB 0x000000008a800000| Untracked |  0
|  75|0x000000008a900000, 0x000000008a900000, 0x000000008aa00000|  0%| F|  |TAMS 0x000000008a900000| PB 0x000000008a900000| Untracked |  0
|  76|0x000000008aa00000, 0x000000008aa00000, 0x000000008ab00000|  0%| F|  |TAMS 0x000000008aa00000| PB 0x000000008aa00000| Untracked |  0
|  77|0x000000008ab00000, 0x000000008ab00000, 0x000000008ac00000|  0%| F|  |TAMS 0x000000008ab00000| PB 0x000000008ab00000| Untracked |  0
|  78|0x000000008ac00000, 0x000000008ac00000, 0x000000008ad00000|  0%| F|  |TAMS 0x000000008ac00000| PB 0x000000008ac00000| Untracked |  0
|  79|0x000000008ad00000, 0x000000008ad00000, 0x000000008ae00000|  0%| F|  |TAMS 0x000000008ad00000| PB 0x000000008ad00000| Untracked |  0
|  80|0x000000008ae00000, 0x000000008ae00000, 0x000000008af00000|  0%| F|  |TAMS 0x000000008ae00000| PB 0x000000008ae00000| Untracked |  0
|  81|0x000000008af00000, 0x000000008af00000, 0x000000008b000000|  0%| F|  |TAMS 0x000000008af00000| PB 0x000000008af00000| Untracked |  0
|  82|0x000000008b000000, 0x000000008b000000, 0x000000008b100000|  0%| F|  |TAMS 0x000000008b000000| PB 0x000000008b000000| Untracked |  0
|  83|0x000000008b100000, 0x000000008b100000, 0x000000008b200000|  0%| F|  |TAMS 0x000000008b100000| PB 0x000000008b100000| Untracked |  0
|  84|0x000000008b200000, 0x000000008b200000, 0x000000008b300000|  0%| F|  |TAMS 0x000000008b200000| PB 0x000000008b200000| Untracked |  0
|  85|0x000000008b300000, 0x000000008b300000, 0x000000008b400000|  0%| F|  |TAMS 0x000000008b300000| PB 0x000000008b300000| Untracked |  0
|  86|0x000000008b400000, 0x000000008b400000, 0x000000008b500000|  0%| F|  |TAMS 0x000000008b400000| PB 0x000000008b400000| Untracked |  0
|  87|0x000000008b500000, 0x000000008b500000, 0x000000008b600000|  0%| F|  |TAMS 0x000000008b500000| PB 0x000000008b500000| Untracked |  0
|  88|0x000000008b600000, 0x000000008b600000, 0x000000008b700000|  0%| F|  |TAMS 0x000000008b600000| PB 0x000000008b600000| Untracked |  0
|  89|0x000000008b700000, 0x000000008b700000, 0x000000008b800000|  0%| F|  |TAMS 0x000000008b700000| PB 0x000000008b700000| Untracked |  0
|  90|0x000000008b800000, 0x000000008b800000, 0x000000008b900000|  0%| F|  |TAMS 0x000000008b800000| PB 0x000000008b800000| Untracked |  0
|  91|0x000000008b900000, 0x000000008b900000, 0x000000008ba00000|  0%| F|  |TAMS 0x000000008b900000| PB 0x000000008b900000| Untracked |  0
|  92|0x000000008ba00000, 0x000000008ba00000, 0x000000008bb00000|  0%| F|  |TAMS 0x000000008ba00000| PB 0x000000008ba00000| Untracked |  0
|  93|0x000000008bb00000, 0x000000008bb00000, 0x000000008bc00000|  0%| F|  |TAMS 0x000000008bb00000| PB 0x000000008bb00000| Untracked |  0
|  94|0x000000008bc00000, 0x000000008bc00000, 0x000000008bd00000|  0%| F|  |TAMS 0x000000008bc00000| PB 0x000000008bc00000| Untracked |  0
|  95|0x000000008bd00000, 0x000000008bd00000, 0x000000008be00000|  0%| F|  |TAMS 0x000000008bd00000| PB 0x000000008bd00000| Untracked |  0
|  96|0x000000008be00000, 0x000000008be00000, 0x000000008bf00000|  0%| F|  |TAMS 0x000000008be00000| PB 0x000000008be00000| Untracked |  0
|  97|0x000000008bf00000, 0x000000008bf00000, 0x000000008c000000|  0%| F|  |TAMS 0x000000008bf00000| PB 0x000000008bf00000| Untracked |  0
|  98|0x000000008c000000, 0x000000008c000000, 0x000000008c100000|  0%| F|  |TAMS 0x000000008c000000| PB 0x000000008c000000| Untracked |  0
|  99|0x000000008c100000, 0x000000008c100000, 0x000000008c200000|  0%| F|  |TAMS 0x000000008c100000| PB 0x000000008c100000| Untracked |  0
| 100|0x000000008c200000, 0x000000008c200000, 0x000000008c300000|  0%| F|  |TAMS 0x000000008c200000| PB 0x000000008c200000| Untracked |  0
| 101|0x000000008c300000, 0x000000008c300000, 0x000000008c400000|  0%| F|  |TAMS 0x000000008c300000| PB 0x000000008c300000| Untracked |  0
| 102|0x000000008c400000, 0x000000008c400000, 0x000000008c500000|  0%| F|  |TAMS 0x000000008c400000| PB 0x000000008c400000| Untracked |  0
| 103|0x000000008c500000, 0x000000008c500000, 0x000000008c600000|  0%| F|  |TAMS 0x000000008c500000| PB 0x000000008c500000| Untracked |  0
| 104|0x000000008c600000, 0x000000008c600000, 0x000000008c700000|  0%| F|  |TAMS 0x000000008c600000| PB 0x000000008c600000| Untracked |  0
| 105|0x000000008c700000, 0x000000008c700000, 0x000000008c800000|  0%| F|  |TAMS 0x000000008c700000| PB 0x000000008c700000| Untracked |  0
| 106|0x000000008c800000, 0x000000008c800000, 0x000000008c900000|  0%| F|  |TAMS 0x000000008c800000| PB 0x000000008c800000| Untracked |  0
| 107|0x000000008c900000, 0x000000008c900000, 0x000000008ca00000|  0%| F|  |TAMS 0x000000008c900000| PB 0x000000008c900000| Untracked |  0
| 108|0x000000008ca00000, 0x000000008ca00000, 0x000000008cb00000|  0%| F|  |TAMS 0x000000008ca00000| PB 0x000000008ca00000| Untracked |  0
| 109|0x000000008cb00000, 0x000000008cb00000, 0x000000008cc00000|  0%| F|  |TAMS 0x000000008cb00000| PB 0x000000008cb00000| Untracked |  0
| 110|0x000000008cc00000, 0x000000008cc00000, 0x000000008cd00000|  0%| F|  |TAMS 0x000000008cc00000| PB 0x000000008cc00000| Untracked |  0
| 111|0x000000008cd00000, 0x000000008cd00000, 0x000000008ce00000|  0%| F|  |TAMS 0x000000008cd00000| PB 0x000000008cd00000| Untracked |  0
| 112|0x000000008ce00000, 0x000000008ce00000, 0x000000008cf00000|  0%| F|  |TAMS 0x000000008ce00000| PB 0x000000008ce00000| Untracked |  0
| 113|0x000000008cf00000, 0x000000008cf00000, 0x000000008d000000|  0%| F|  |TAMS 0x000000008cf00000| PB 0x000000008cf00000| Untracked |  0
| 114|0x000000008d000000, 0x000000008d000000, 0x000000008d100000|  0%| F|  |TAMS 0x000000008d000000| PB 0x000000008d000000| Untracked |  0
| 115|0x000000008d100000, 0x000000008d100000, 0x000000008d200000|  0%| F|  |TAMS 0x000000008d100000| PB 0x000000008d100000| Untracked |  0
| 116|0x000000008d200000, 0x000000008d200000, 0x000000008d300000|  0%| F|  |TAMS 0x000000008d200000| PB 0x000000008d200000| Untracked |  0
| 117|0x000000008d300000, 0x000000008d300000, 0x000000008d400000|  0%| F|  |TAMS 0x000000008d300000| PB 0x000000008d300000| Untracked |  0
| 118|0x000000008d400000, 0x000000008d400000, 0x000000008d500000|  0%| F|  |TAMS 0x000000008d400000| PB 0x000000008d400000| Untracked |  0
| 119|0x000000008d500000, 0x000000008d500000, 0x000000008d600000|  0%| F|  |TAMS 0x000000008d500000| PB 0x000000008d500000| Untracked |  0
| 120|0x000000008d600000, 0x000000008d600000, 0x000000008d700000|  0%| F|  |TAMS 0x000000008d600000| PB 0x000000008d600000| Untracked |  0
| 121|0x000000008d700000, 0x000000008d700000, 0x000000008d800000|  0%| F|  |TAMS 0x000000008d700000| PB 0x000000008d700000| Untracked |  0
| 122|0x000000008d800000, 0x000000008d800000, 0x000000008d900000|  0%| F|  |TAMS 0x000000008d800000| PB 0x000000008d800000| Untracked |  0
| 123|0x000000008d900000, 0x000000008d900000, 0x000000008da00000|  0%| F|  |TAMS 0x000000008d900000| PB 0x000000008d900000| Untracked |  0
| 124|0x000000008da00000, 0x000000008da00000, 0x000000008db00000|  0%| F|  |TAMS 0x000000008da00000| PB 0x000000008da00000| Untracked |  0
| 125|0x000000008db00000, 0x000000008db00000, 0x000000008dc00000|  0%| F|  |TAMS 0x000000008db00000| PB 0x000000008db00000| Untracked |  0
| 126|0x000000008dc00000, 0x000000008dc00000, 0x000000008dd00000|  0%| F|  |TAMS 0x000000008dc00000| PB 0x000000008dc00000| Untracked |  0
| 127|0x000000008dd00000, 0x000000008dd00000, 0x000000008de00000|  0%| F|  |TAMS 0x000000008dd00000| PB 0x000000008dd00000| Untracked |  0
| 128|0x000000008de00000, 0x000000008de00000, 0x000000008df00000|  0%| F|  |TAMS 0x000000008de00000| PB 0x000000008de00000| Untracked |  0
| 129|0x000000008df00000, 0x000000008df00000, 0x000000008e000000|  0%| F|  |TAMS 0x000000008df00000| PB 0x000000008df00000| Untracked |  0
| 130|0x000000008e000000, 0x000000008e000000, 0x000000008e100000|  0%| F|  |TAMS 0x000000008e000000| PB 0x000000008e000000| Untracked |  0
| 131|0x000000008e100000, 0x000000008e100000, 0x000000008e200000|  0%| F|  |TAMS 0x000000008e100000| PB 0x000000008e100000| Untracked |  0
| 132|0x000000008e200000, 0x000000008e200000, 0x000000008e300000|  0%| F|  |TAMS 0x000000008e200000| PB 0x000000008e200000| Untracked |  0
| 133|0x000000008e300000, 0x000000008e400000, 0x000000008e400000|100%|HS|  |TAMS 0x000000008e400000| PB 0x000000008e300000| Complete |  0
| 134|0x000000008e400000, 0x000000008e500000, 0x000000008e500000|100%|HC|  |TAMS 0x000000008e500000| PB 0x000000008e400000| Complete |  0
| 135|0x000000008e500000, 0x000000008e600000, 0x000000008e600000|100%|HC|  |TAMS 0x000000008e600000| PB 0x000000008e500000| Complete |  0
| 136|0x000000008e600000, 0x000000008e700000, 0x000000008e700000|100%|HC|  |TAMS 0x000000008e700000| PB 0x000000008e600000| Complete |  0
| 137|0x000000008e700000, 0x000000008e800000, 0x000000008e800000|100%|HC|  |TAMS 0x000000008e800000| PB 0x000000008e700000| Complete |  0
| 138|0x000000008e800000, 0x000000008e900000, 0x000000008e900000|100%|HC|  |TAMS 0x000000008e900000| PB 0x000000008e800000| Complete |  0
| 139|0x000000008e900000, 0x000000008ea00000, 0x000000008ea00000|100%|HC|  |TAMS 0x000000008ea00000| PB 0x000000008e900000| Complete |  0
| 140|0x000000008ea00000, 0x000000008eb00000, 0x000000008eb00000|100%|HC|  |TAMS 0x000000008eb00000| PB 0x000000008ea00000| Complete |  0
| 141|0x000000008eb00000, 0x000000008ec00000, 0x000000008ec00000|100%|HC|  |TAMS 0x000000008ec00000| PB 0x000000008eb00000| Complete |  0
| 142|0x000000008ec00000, 0x000000008ed00000, 0x000000008ed00000|100%|HC|  |TAMS 0x000000008ed00000| PB 0x000000008ec00000| Complete |  0
| 143|0x000000008ed00000, 0x000000008ee00000, 0x000000008ee00000|100%|HC|  |TAMS 0x000000008ee00000| PB 0x000000008ed00000| Complete |  0
| 144|0x000000008ee00000, 0x000000008ef00000, 0x000000008ef00000|100%|HC|  |TAMS 0x000000008ef00000| PB 0x000000008ee00000| Complete |  0
| 145|0x000000008ef00000, 0x000000008f000000, 0x000000008f000000|100%|HC|  |TAMS 0x000000008f000000| PB 0x000000008ef00000| Complete |  0
| 146|0x000000008f000000, 0x000000008f100000, 0x000000008f100000|100%|HS|  |TAMS 0x000000008f100000| PB 0x000000008f000000| Complete |  0
| 147|0x000000008f100000, 0x000000008f200000, 0x000000008f200000|100%|HC|  |TAMS 0x000000008f200000| PB 0x000000008f100000| Complete |  0
| 148|0x000000008f200000, 0x000000008f300000, 0x000000008f300000|100%|HC|  |TAMS 0x000000008f300000| PB 0x000000008f200000| Complete |  0
| 149|0x000000008f300000, 0x000000008f400000, 0x000000008f400000|100%|HC|  |TAMS 0x000000008f400000| PB 0x000000008f300000| Complete |  0
| 150|0x000000008f400000, 0x000000008f500000, 0x000000008f500000|100%|HC|  |TAMS 0x000000008f500000| PB 0x000000008f400000| Complete |  0
| 151|0x000000008f500000, 0x000000008f600000, 0x000000008f600000|100%|HC|  |TAMS 0x000000008f600000| PB 0x000000008f500000| Complete |  0
| 152|0x000000008f600000, 0x000000008f700000, 0x000000008f700000|100%|HC|  |TAMS 0x000000008f700000| PB 0x000000008f600000| Complete |  0
| 153|0x000000008f700000, 0x000000008f800000, 0x000000008f800000|100%|HC|  |TAMS 0x000000008f800000| PB 0x000000008f700000| Complete |  0
| 154|0x000000008f800000, 0x000000008f900000, 0x000000008f900000|100%|HC|  |TAMS 0x000000008f900000| PB 0x000000008f800000| Complete |  0
| 155|0x000000008f900000, 0x000000008fa00000, 0x000000008fa00000|100%|HC|  |TAMS 0x000000008fa00000| PB 0x000000008f900000| Complete |  0
| 156|0x000000008fa00000, 0x000000008fb00000, 0x000000008fb00000|100%|HC|  |TAMS 0x000000008fb00000| PB 0x000000008fa00000| Complete |  0
| 157|0x000000008fb00000, 0x000000008fc00000, 0x000000008fc00000|100%|HC|  |TAMS 0x000000008fc00000| PB 0x000000008fb00000| Complete |  0
| 158|0x000000008fc00000, 0x000000008fd00000, 0x000000008fd00000|100%|HC|  |TAMS 0x000000008fd00000| PB 0x000000008fc00000| Complete |  0
| 159|0x000000008fd00000, 0x000000008fd00000, 0x000000008fe00000|  0%| F|  |TAMS 0x000000008fd00000| PB 0x000000008fd00000| Untracked |  0
| 160|0x000000008fe00000, 0x000000008fe00000, 0x000000008ff00000|  0%| F|  |TAMS 0x000000008fe00000| PB 0x000000008fe00000| Untracked |  0
| 161|0x000000008ff00000, 0x000000008ff00000, 0x0000000090000000|  0%| F|  |TAMS 0x000000008ff00000| PB 0x000000008ff00000| Untracked |  0
| 162|0x0000000090000000, 0x0000000090000000, 0x0000000090100000|  0%| F|  |TAMS 0x0000000090000000| PB 0x0000000090000000| Untracked |  0
| 163|0x0000000090100000, 0x0000000090100000, 0x0000000090200000|  0%| F|  |TAMS 0x0000000090100000| PB 0x0000000090100000| Untracked |  0
| 164|0x0000000090200000, 0x0000000090200000, 0x0000000090300000|  0%| F|  |TAMS 0x0000000090200000| PB 0x0000000090200000| Untracked |  0
| 165|0x0000000090300000, 0x0000000090300000, 0x0000000090400000|  0%| F|  |TAMS 0x0000000090300000| PB 0x0000000090300000| Untracked |  0
| 166|0x0000000090400000, 0x0000000090400000, 0x0000000090500000|  0%| F|  |TAMS 0x0000000090400000| PB 0x0000000090400000| Untracked |  0
| 167|0x0000000090500000, 0x0000000090500000, 0x0000000090600000|  0%| F|  |TAMS 0x0000000090500000| PB 0x0000000090500000| Untracked |  0
| 168|0x0000000090600000, 0x0000000090600000, 0x0000000090700000|  0%| F|  |TAMS 0x0000000090600000| PB 0x0000000090600000| Untracked |  0
| 169|0x0000000090700000, 0x0000000090800000, 0x0000000090800000|100%|HS|  |TAMS 0x0000000090800000| PB 0x0000000090700000| Complete |  0
| 170|0x0000000090800000, 0x0000000090900000, 0x0000000090900000|100%|HC|  |TAMS 0x0000000090900000| PB 0x0000000090800000| Complete |  0
| 171|0x0000000090900000, 0x0000000090a00000, 0x0000000090a00000|100%|HC|  |TAMS 0x0000000090a00000| PB 0x0000000090900000| Complete |  0
| 172|0x0000000090a00000, 0x0000000090b00000, 0x0000000090b00000|100%|HC|  |TAMS 0x0000000090b00000| PB 0x0000000090a00000| Complete |  0
| 173|0x0000000090b00000, 0x0000000090c00000, 0x0000000090c00000|100%|HC|  |TAMS 0x0000000090c00000| PB 0x0000000090b00000| Complete |  0
| 174|0x0000000090c00000, 0x0000000090d00000, 0x0000000090d00000|100%|HC|  |TAMS 0x0000000090d00000| PB 0x0000000090c00000| Complete |  0
| 175|0x0000000090d00000, 0x0000000090d00000, 0x0000000090e00000|  0%| F|  |TAMS 0x0000000090d00000| PB 0x0000000090d00000| Untracked |  0
| 176|0x0000000090e00000, 0x0000000090e00000, 0x0000000090f00000|  0%| F|  |TAMS 0x0000000090e00000| PB 0x0000000090e00000| Untracked |  0
| 177|0x0000000090f00000, 0x0000000090f00000, 0x0000000091000000|  0%| F|  |TAMS 0x0000000090f00000| PB 0x0000000090f00000| Untracked |  0
| 178|0x0000000091000000, 0x0000000091000000, 0x0000000091100000|  0%| F|  |TAMS 0x0000000091000000| PB 0x0000000091000000| Untracked |  0
| 179|0x0000000091100000, 0x0000000091100000, 0x0000000091200000|  0%| F|  |TAMS 0x0000000091100000| PB 0x0000000091100000| Untracked |  0
| 180|0x0000000091200000, 0x0000000091200000, 0x0000000091300000|  0%| F|  |TAMS 0x0000000091200000| PB 0x0000000091200000| Untracked |  0
| 181|0x0000000091300000, 0x0000000091300000, 0x0000000091400000|  0%| F|  |TAMS 0x0000000091300000| PB 0x0000000091300000| Untracked |  0
| 182|0x0000000091400000, 0x0000000091400000, 0x0000000091500000|  0%| F|  |TAMS 0x0000000091400000| PB 0x0000000091400000| Untracked |  0
| 183|0x0000000091500000, 0x0000000091500000, 0x0000000091600000|  0%| F|  |TAMS 0x0000000091500000| PB 0x0000000091500000| Untracked |  0
| 184|0x0000000091600000, 0x0000000091600000, 0x0000000091700000|  0%| F|  |TAMS 0x0000000091600000| PB 0x0000000091600000| Untracked |  0
| 185|0x0000000091700000, 0x0000000091700000, 0x0000000091800000|  0%| F|  |TAMS 0x0000000091700000| PB 0x0000000091700000| Untracked |  0
| 186|0x0000000091800000, 0x0000000091800000, 0x0000000091900000|  0%| F|  |TAMS 0x0000000091800000| PB 0x0000000091800000| Untracked |  0
| 187|0x0000000091900000, 0x0000000091900000, 0x0000000091a00000|  0%| F|  |TAMS 0x0000000091900000| PB 0x0000000091900000| Untracked |  0
| 188|0x0000000091a00000, 0x0000000091a00000, 0x0000000091b00000|  0%| F|  |TAMS 0x0000000091a00000| PB 0x0000000091a00000| Untracked |  0
| 189|0x0000000091b00000, 0x0000000091b00000, 0x0000000091c00000|  0%| F|  |TAMS 0x0000000091b00000| PB 0x0000000091b00000| Untracked |  0
| 190|0x0000000091c00000, 0x0000000091c00000, 0x0000000091d00000|  0%| F|  |TAMS 0x0000000091c00000| PB 0x0000000091c00000| Untracked |  0
| 191|0x0000000091d00000, 0x0000000091d00000, 0x0000000091e00000|  0%| F|  |TAMS 0x0000000091d00000| PB 0x0000000091d00000| Untracked |  0
| 192|0x0000000091e00000, 0x0000000091e00000, 0x0000000091f00000|  0%| F|  |TAMS 0x0000000091e00000| PB 0x0000000091e00000| Untracked |  0
| 193|0x0000000091f00000, 0x0000000091f00000, 0x0000000092000000|  0%| F|  |TAMS 0x0000000091f00000| PB 0x0000000091f00000| Untracked |  0
| 194|0x0000000092000000, 0x0000000092000000, 0x0000000092100000|  0%| F|  |TAMS 0x0000000092000000| PB 0x0000000092000000| Untracked |  0
| 195|0x0000000092100000, 0x0000000092100000, 0x0000000092200000|  0%| F|  |TAMS 0x0000000092100000| PB 0x0000000092100000| Untracked |  0
| 196|0x0000000092200000, 0x0000000092200000, 0x0000000092300000|  0%| F|  |TAMS 0x0000000092200000| PB 0x0000000092200000| Untracked |  0
| 197|0x0000000092300000, 0x0000000092300000, 0x0000000092400000|  0%| F|  |TAMS 0x0000000092300000| PB 0x0000000092300000| Untracked |  0
| 198|0x0000000092400000, 0x0000000092400000, 0x0000000092500000|  0%| F|  |TAMS 0x0000000092400000| PB 0x0000000092400000| Untracked |  0
| 199|0x0000000092500000, 0x0000000092500000, 0x0000000092600000|  0%| F|  |TAMS 0x0000000092500000| PB 0x0000000092500000| Untracked |  0
| 200|0x0000000092600000, 0x0000000092600000, 0x0000000092700000|  0%| F|  |TAMS 0x0000000092600000| PB 0x0000000092600000| Untracked |  0
| 201|0x0000000092700000, 0x0000000092700000, 0x0000000092800000|  0%| F|  |TAMS 0x0000000092700000| PB 0x0000000092700000| Untracked |  0
| 202|0x0000000092800000, 0x0000000092800000, 0x0000000092900000|  0%| F|  |TAMS 0x0000000092800000| PB 0x0000000092800000| Untracked |  0
| 203|0x0000000092900000, 0x0000000092900000, 0x0000000092a00000|  0%| F|  |TAMS 0x0000000092900000| PB 0x0000000092900000| Untracked |  0
| 204|0x0000000092a00000, 0x0000000092a00000, 0x0000000092b00000|  0%| F|  |TAMS 0x0000000092a00000| PB 0x0000000092a00000| Untracked |  0
| 205|0x0000000092b00000, 0x0000000092b00000, 0x0000000092c00000|  0%| F|  |TAMS 0x0000000092b00000| PB 0x0000000092b00000| Untracked |  0
| 206|0x0000000092c00000, 0x0000000092c00000, 0x0000000092d00000|  0%| F|  |TAMS 0x0000000092c00000| PB 0x0000000092c00000| Untracked |  0
| 207|0x0000000092d00000, 0x0000000092d00000, 0x0000000092e00000|  0%| F|  |TAMS 0x0000000092d00000| PB 0x0000000092d00000| Untracked |  0
| 208|0x0000000092e00000, 0x0000000092e00000, 0x0000000092f00000|  0%| F|  |TAMS 0x0000000092e00000| PB 0x0000000092e00000| Untracked |  0
| 209|0x0000000092f00000, 0x0000000092f00000, 0x0000000093000000|  0%| F|  |TAMS 0x0000000092f00000| PB 0x0000000092f00000| Untracked |  0
| 210|0x0000000093000000, 0x0000000093000000, 0x0000000093100000|  0%| F|  |TAMS 0x0000000093000000| PB 0x0000000093000000| Untracked |  0
| 211|0x0000000093100000, 0x0000000093100000, 0x0000000093200000|  0%| F|  |TAMS 0x0000000093100000| PB 0x0000000093100000| Untracked |  0
| 212|0x0000000093200000, 0x0000000093200000, 0x0000000093300000|  0%| F|  |TAMS 0x0000000093200000| PB 0x0000000093200000| Untracked |  0
| 213|0x0000000093300000, 0x0000000093300000, 0x0000000093400000|  0%| F|  |TAMS 0x0000000093300000| PB 0x0000000093300000| Untracked |  0
| 214|0x0000000093400000, 0x0000000093400000, 0x0000000093500000|  0%| F|  |TAMS 0x0000000093400000| PB 0x0000000093400000| Untracked |  0
| 215|0x0000000093500000, 0x0000000093500000, 0x0000000093600000|  0%| F|  |TAMS 0x0000000093500000| PB 0x0000000093500000| Untracked |  0
| 216|0x0000000093600000, 0x0000000093600000, 0x0000000093700000|  0%| F|  |TAMS 0x0000000093600000| PB 0x0000000093600000| Untracked |  0
| 217|0x0000000093700000, 0x0000000093700000, 0x0000000093800000|  0%| F|  |TAMS 0x0000000093700000| PB 0x0000000093700000| Untracked |  0
| 218|0x0000000093800000, 0x0000000093800000, 0x0000000093900000|  0%| F|  |TAMS 0x0000000093800000| PB 0x0000000093800000| Untracked |  0
| 219|0x0000000093900000, 0x0000000093900000, 0x0000000093a00000|  0%| F|  |TAMS 0x0000000093900000| PB 0x0000000093900000| Untracked |  0
| 220|0x0000000093a00000, 0x0000000093a00000, 0x0000000093b00000|  0%| F|  |TAMS 0x0000000093a00000| PB 0x0000000093a00000| Untracked |  0
| 221|0x0000000093b00000, 0x0000000093b00000, 0x0000000093c00000|  0%| F|  |TAMS 0x0000000093b00000| PB 0x0000000093b00000| Untracked |  0
| 222|0x0000000093c00000, 0x0000000093c00000, 0x0000000093d00000|  0%| F|  |TAMS 0x0000000093c00000| PB 0x0000000093c00000| Untracked |  0
| 223|0x0000000093d00000, 0x0000000093d00000, 0x0000000093e00000|  0%| F|  |TAMS 0x0000000093d00000| PB 0x0000000093d00000| Untracked |  0
| 224|0x0000000093e00000, 0x0000000093e00000, 0x0000000093f00000|  0%| F|  |TAMS 0x0000000093e00000| PB 0x0000000093e00000| Untracked |  0
| 225|0x0000000093f00000, 0x0000000093f00000, 0x0000000094000000|  0%| F|  |TAMS 0x0000000093f00000| PB 0x0000000093f00000| Untracked |  0
| 226|0x0000000094000000, 0x0000000094000000, 0x0000000094100000|  0%| F|  |TAMS 0x0000000094000000| PB 0x0000000094000000| Untracked |  0
| 227|0x0000000094100000, 0x0000000094100000, 0x0000000094200000|  0%| F|  |TAMS 0x0000000094100000| PB 0x0000000094100000| Untracked |  0
| 228|0x0000000094200000, 0x0000000094200000, 0x0000000094300000|  0%| F|  |TAMS 0x0000000094200000| PB 0x0000000094200000| Untracked |  0
| 229|0x0000000094300000, 0x0000000094300000, 0x0000000094400000|  0%| F|  |TAMS 0x0000000094300000| PB 0x0000000094300000| Untracked |  0
| 230|0x0000000094400000, 0x0000000094400000, 0x0000000094500000|  0%| F|  |TAMS 0x0000000094400000| PB 0x0000000094400000| Untracked |  0
| 231|0x0000000094500000, 0x0000000094500000, 0x0000000094600000|  0%| F|  |TAMS 0x0000000094500000| PB 0x0000000094500000| Untracked |  0
| 232|0x0000000094600000, 0x0000000094600000, 0x0000000094700000|  0%| F|  |TAMS 0x0000000094600000| PB 0x0000000094600000| Untracked |  0
| 233|0x0000000094700000, 0x0000000094700000, 0x0000000094800000|  0%| F|  |TAMS 0x0000000094700000| PB 0x0000000094700000| Untracked |  0
| 234|0x0000000094800000, 0x0000000094800000, 0x0000000094900000|  0%| F|  |TAMS 0x0000000094800000| PB 0x0000000094800000| Untracked |  0
| 235|0x0000000094900000, 0x0000000094900000, 0x0000000094a00000|  0%| F|  |TAMS 0x0000000094900000| PB 0x0000000094900000| Untracked |  0
| 236|0x0000000094a00000, 0x0000000094a00000, 0x0000000094b00000|  0%| F|  |TAMS 0x0000000094a00000| PB 0x0000000094a00000| Untracked |  0
| 237|0x0000000094b00000, 0x0000000094b00000, 0x0000000094c00000|  0%| F|  |TAMS 0x0000000094b00000| PB 0x0000000094b00000| Untracked |  0
| 238|0x0000000094c00000, 0x0000000094c00000, 0x0000000094d00000|  0%| F|  |TAMS 0x0000000094c00000| PB 0x0000000094c00000| Untracked |  0
| 239|0x0000000094d00000, 0x0000000094d00000, 0x0000000094e00000|  0%| F|  |TAMS 0x0000000094d00000| PB 0x0000000094d00000| Untracked |  0
| 240|0x0000000094e00000, 0x0000000094e00000, 0x0000000094f00000|  0%| F|  |TAMS 0x0000000094e00000| PB 0x0000000094e00000| Untracked |  0
| 241|0x0000000094f00000, 0x0000000094f00000, 0x0000000095000000|  0%| F|  |TAMS 0x0000000094f00000| PB 0x0000000094f00000| Untracked |  0
| 242|0x0000000095000000, 0x0000000095000000, 0x0000000095100000|  0%| F|  |TAMS 0x0000000095000000| PB 0x0000000095000000| Untracked |  0
| 243|0x0000000095100000, 0x0000000095100000, 0x0000000095200000|  0%| F|  |TAMS 0x0000000095100000| PB 0x0000000095100000| Untracked |  0
| 244|0x0000000095200000, 0x0000000095200000, 0x0000000095300000|  0%| F|  |TAMS 0x0000000095200000| PB 0x0000000095200000| Untracked |  0
| 245|0x0000000095300000, 0x0000000095300000, 0x0000000095400000|  0%| F|  |TAMS 0x0000000095300000| PB 0x0000000095300000| Untracked |  0
| 246|0x0000000095400000, 0x0000000095400000, 0x0000000095500000|  0%| F|  |TAMS 0x0000000095400000| PB 0x0000000095400000| Untracked |  0
| 247|0x0000000095500000, 0x0000000095500000, 0x0000000095600000|  0%| F|  |TAMS 0x0000000095500000| PB 0x0000000095500000| Untracked |  0
| 248|0x0000000095600000, 0x0000000095600000, 0x0000000095700000|  0%| F|  |TAMS 0x0000000095600000| PB 0x0000000095600000| Untracked |  0
| 249|0x0000000095700000, 0x0000000095700000, 0x0000000095800000|  0%| F|  |TAMS 0x0000000095700000| PB 0x0000000095700000| Untracked |  0
| 250|0x0000000095800000, 0x0000000095800000, 0x0000000095900000|  0%| F|  |TAMS 0x0000000095800000| PB 0x0000000095800000| Untracked |  0
| 251|0x0000000095900000, 0x0000000095900000, 0x0000000095a00000|  0%| F|  |TAMS 0x0000000095900000| PB 0x0000000095900000| Untracked |  0
| 252|0x0000000095a00000, 0x0000000095a00000, 0x0000000095b00000|  0%| F|  |TAMS 0x0000000095a00000| PB 0x0000000095a00000| Untracked |  0
| 253|0x0000000095b00000, 0x0000000095b00000, 0x0000000095c00000|  0%| F|  |TAMS 0x0000000095b00000| PB 0x0000000095b00000| Untracked |  0
| 254|0x0000000095c00000, 0x0000000095c00000, 0x0000000095d00000|  0%| F|  |TAMS 0x0000000095c00000| PB 0x0000000095c00000| Untracked |  0
| 255|0x0000000095d00000, 0x0000000095d00000, 0x0000000095e00000|  0%| F|  |TAMS 0x0000000095d00000| PB 0x0000000095d00000| Untracked |  0
| 256|0x0000000095e00000, 0x0000000095e00000, 0x0000000095f00000|  0%| F|  |TAMS 0x0000000095e00000| PB 0x0000000095e00000| Untracked |  0
| 257|0x0000000095f00000, 0x0000000095f00000, 0x0000000096000000|  0%| F|  |TAMS 0x0000000095f00000| PB 0x0000000095f00000| Untracked |  0
| 258|0x0000000096000000, 0x0000000096000000, 0x0000000096100000|  0%| F|  |TAMS 0x0000000096000000| PB 0x0000000096000000| Untracked |  0
| 259|0x0000000096100000, 0x0000000096100000, 0x0000000096200000|  0%| F|  |TAMS 0x0000000096100000| PB 0x0000000096100000| Untracked |  0
| 260|0x0000000096200000, 0x0000000096200000, 0x0000000096300000|  0%| F|  |TAMS 0x0000000096200000| PB 0x0000000096200000| Untracked |  0
| 261|0x0000000096300000, 0x0000000096300000, 0x0000000096400000|  0%| F|  |TAMS 0x0000000096300000| PB 0x0000000096300000| Untracked |  0
| 262|0x0000000096400000, 0x0000000096400000, 0x0000000096500000|  0%| F|  |TAMS 0x0000000096400000| PB 0x0000000096400000| Untracked |  0
| 263|0x0000000096500000, 0x0000000096500000, 0x0000000096600000|  0%| F|  |TAMS 0x0000000096500000| PB 0x0000000096500000| Untracked |  0
| 264|0x0000000096600000, 0x0000000096600000, 0x0000000096700000|  0%| F|  |TAMS 0x0000000096600000| PB 0x0000000096600000| Untracked |  0
| 265|0x0000000096700000, 0x0000000096700000, 0x0000000096800000|  0%| F|  |TAMS 0x0000000096700000| PB 0x0000000096700000| Untracked |  0
| 266|0x0000000096800000, 0x0000000096800000, 0x0000000096900000|  0%| F|  |TAMS 0x0000000096800000| PB 0x0000000096800000| Untracked |  0
| 267|0x0000000096900000, 0x0000000096900000, 0x0000000096a00000|  0%| F|  |TAMS 0x0000000096900000| PB 0x0000000096900000| Untracked |  0
| 268|0x0000000096a00000, 0x0000000096abe468, 0x0000000096b00000| 74%| S|CS|TAMS 0x0000000096a00000| PB 0x0000000096a00000| Complete |  0
| 269|0x0000000096b00000, 0x0000000096c00000, 0x0000000096c00000|100%| S|CS|TAMS 0x0000000096b00000| PB 0x0000000096b00000| Complete |  0
| 270|0x0000000096c00000, 0x0000000096d00000, 0x0000000096d00000|100%| S|CS|TAMS 0x0000000096c00000| PB 0x0000000096c00000| Complete |  0
| 271|0x0000000096d00000, 0x0000000096d00000, 0x0000000096e00000|  0%| F|  |TAMS 0x0000000096d00000| PB 0x0000000096d00000| Untracked |  0
| 272|0x0000000096e00000, 0x0000000096e00000, 0x0000000096f00000|  0%| F|  |TAMS 0x0000000096e00000| PB 0x0000000096e00000| Untracked |  0
| 273|0x0000000096f00000, 0x0000000097000000, 0x0000000097000000|100%|HS|  |TAMS 0x0000000097000000| PB 0x0000000096f00000| Complete |  0
| 274|0x0000000097000000, 0x0000000097100000, 0x0000000097100000|100%|HC|  |TAMS 0x0000000097100000| PB 0x0000000097000000| Complete |  0
| 275|0x0000000097100000, 0x0000000097200000, 0x0000000097200000|100%|HC|  |TAMS 0x0000000097200000| PB 0x0000000097100000| Complete |  0
| 276|0x0000000097200000, 0x0000000097300000, 0x0000000097300000|100%|HC|  |TAMS 0x0000000097300000| PB 0x0000000097200000| Complete |  0
| 277|0x0000000097300000, 0x0000000097400000, 0x0000000097400000|100%|HC|  |TAMS 0x0000000097400000| PB 0x0000000097300000| Complete |  0
| 278|0x0000000097400000, 0x0000000097500000, 0x0000000097500000|100%|HC|  |TAMS 0x0000000097500000| PB 0x0000000097400000| Complete |  0
| 279|0x0000000097500000, 0x0000000097600000, 0x0000000097600000|100%|HC|  |TAMS 0x0000000097600000| PB 0x0000000097500000| Complete |  0
| 280|0x0000000097600000, 0x0000000097700000, 0x0000000097700000|100%|HC|  |TAMS 0x0000000097700000| PB 0x0000000097600000| Complete |  0
| 281|0x0000000097700000, 0x0000000097800000, 0x0000000097800000|100%|HC|  |TAMS 0x0000000097800000| PB 0x0000000097700000| Complete |  0
| 282|0x0000000097800000, 0x0000000097900000, 0x0000000097900000|100%|HC|  |TAMS 0x0000000097900000| PB 0x0000000097800000| Complete |  0
| 283|0x0000000097900000, 0x0000000097a00000, 0x0000000097a00000|100%|HC|  |TAMS 0x0000000097a00000| PB 0x0000000097900000| Complete |  0
| 284|0x0000000097a00000, 0x0000000097b00000, 0x0000000097b00000|100%|HS|  |TAMS 0x0000000097b00000| PB 0x0000000097a00000| Complete |  0
| 285|0x0000000097b00000, 0x0000000097c00000, 0x0000000097c00000|100%|HC|  |TAMS 0x0000000097c00000| PB 0x0000000097b00000| Complete |  0
| 286|0x0000000097c00000, 0x0000000097c00000, 0x0000000097d00000|  0%| F|  |TAMS 0x0000000097c00000| PB 0x0000000097c00000| Untracked |  0
| 287|0x0000000097d00000, 0x0000000097d00000, 0x0000000097e00000|  0%| F|  |TAMS 0x0000000097d00000| PB 0x0000000097d00000| Untracked |  0
| 288|0x0000000097e00000, 0x0000000097e00000, 0x0000000097f00000|  0%| F|  |TAMS 0x0000000097e00000| PB 0x0000000097e00000| Untracked |  0
|1942|0x00000000ff400000, 0x00000000ff4d63f8, 0x00000000ff500000| 83%| O|  |TAMS 0x00000000ff4b4500| PB 0x00000000ff400000| Untracked |  0
|1943|0x00000000ff500000, 0x00000000ff600000, 0x00000000ff600000|100%| O|  |TAMS 0x00000000ff600000| PB 0x00000000ff500000| Untracked |  0
|1944|0x00000000ff600000, 0x00000000ff700000, 0x00000000ff700000|100%| O|  |TAMS 0x00000000ff700000| PB 0x00000000ff600000| Untracked |  0
|1945|0x00000000ff700000, 0x00000000ff800000, 0x00000000ff800000|100%| O|  |TAMS 0x00000000ff800000| PB 0x00000000ff700000| Untracked |  0
|1946|0x00000000ff800000, 0x00000000ff900000, 0x00000000ff900000|100%| O|  |TAMS 0x00000000ff900000| PB 0x00000000ff800000| Untracked |  0
|1947|0x00000000ff900000, 0x00000000ffa00000, 0x00000000ffa00000|100%| O|  |TAMS 0x00000000ffa00000| PB 0x00000000ff900000| Untracked |  0
|1948|0x00000000ffa00000, 0x00000000ffb00000, 0x00000000ffb00000|100%| O|  |TAMS 0x00000000ffb00000| PB 0x00000000ffa00000| Untracked |  0
|1949|0x00000000ffb00000, 0x00000000ffb00000, 0x00000000ffc00000|  0%| F|  |TAMS 0x00000000ffb00000| PB 0x00000000ffb00000| Untracked |  0
|1950|0x00000000ffc00000, 0x00000000ffd00000, 0x00000000ffd00000|100%| O|  |TAMS 0x00000000ffd00000| PB 0x00000000ffc00000| Untracked |  0
|1951|0x00000000ffd00000, 0x00000000ffe00000, 0x00000000ffe00000|100%| O|  |TAMS 0x00000000ffe00000| PB 0x00000000ffd00000| Untracked |  0
|1952|0x00000000ffe00000, 0x00000000fff00000, 0x00000000fff00000|100%| O|  |TAMS 0x00000000fff00000| PB 0x00000000ffe00000| Untracked |  0
|1953|0x00000000fff00000, 0x0000000100000000, 0x0000000100000000|100%| O|Cr|TAMS 0x00000000fff00000| PB 0x00000000fff00000| Complete |  2

Card table byte_map: [0x00000209b8290000,0x00000209b8670000] _byte_map_base: 0x00000209b7e61000

Marking Bits: (CMBitMap*) 0x00000209a00e8560
 Bits: [0x00000209b8670000, 0x00000209ba4f8000)

Polling page: 0x000002099df10000

Metaspace:
Metaspace        used 46062K, committed 46592K, reserved 1114112K
 class space     used 5506K, committed 5760K, reserved 1048576K

Usage:
  Non-class:     39.61 MB used.
      Class:      5.38 MB used.
       Both:     44.98 MB used.

Virtual space:
  Non-class space:       64.00 MB reserved,      39.88 MB ( 62%) committed,  1 nodes.
      Class space:        1.00 GB reserved,       5.62 MB ( <1%) committed,  1 nodes.
             Both:        1.06 GB reserved,      45.50 MB (  4%) committed. 

Chunk freelists:
   Non-Class:  8.11 MB
       Class:  10.24 MB
        Both:  18.36 MB

MaxMetaspaceSize: unlimited
CompressedClassSpaceSize: 1.00 GB
Initial GC threshold: 21.00 MB
Current GC threshold: 75.88 MB
CDS: on
 - commit_granule_bytes: 65536.
 - commit_granule_words: 8192.
 - virtual_space_node_default_size: 8388608.
 - enlarge_chunks_in_place: 1.
UseCompressedClassPointers 1, UseCompactObjectHeaders 0
Narrow klass pointer bits 32, Max shift 3
Narrow klass base: 0x000000000a000000, Narrow klass shift: 0
Encoding Range: [0x000000000a000000 - 0x000000010a000000), (4294967296 bytes)
Klass Range:    [0x000000000a010000 - 0x000000004b000000), (1090453504 bytes)
Klass ID Range:  [65536 - 1090519033) (1090453497)
Protection zone: [0x000000000a000000 - 0x000000000a010000), (65536 bytes)


Internal statistics:

num_allocs_failed_limit: 6.
num_arena_births: 322.
num_arena_deaths: 0.
num_vsnodes_births: 2.
num_vsnodes_deaths: 0.
num_space_committed: 728.
num_space_uncommitted: 0.
num_chunks_returned_to_freelist: 6.
num_chunks_taken_from_freelist: 1884.
num_chunk_merges: 6.
num_chunk_splits: 1393.
num_chunks_enlarged: 1155.
num_inconsistent_stats: 0.

CodeHeap 'non-profiled nmethods': size=120064Kb used=3714Kb max_used=3933Kb free=116349Kb
 bounds [0x00000209b0640000, 0x00000209b0a20000, 0x00000209b7b80000]
CodeHeap 'profiled nmethods': size=120000Kb used=10929Kb max_used=11871Kb free=109070Kb
 bounds [0x00000209a8b80000, 0x00000209a9720000, 0x00000209b00b0000]
CodeHeap 'non-nmethods': size=5696Kb used=1597Kb max_used=1663Kb free=4099Kb
 bounds [0x00000209b00b0000, 0x00000209b0320000, 0x00000209b0640000]
CodeCache: size=245760Kb, used=16240Kb, max_used=17467Kb, free=229518Kb
 total_blobs=7695, nmethods=6965, adapters=633, full_count=0
Compilation: enabled, stopped_count=0, restarted_count=0

Compilation events (20 events):
Event: 14.446 Thread 0x00000209bcf162c0 8621       1       java.awt.image.BufferedImage::getType (5 bytes)
Event: 14.446 Thread 0x00000209bcf162c0 nmethod 8621 0x00000209b0887908 code [0x00000209b0887a00, 0x00000209b0887ac8]
Event: 14.463 Thread 0x00000209bcf162c0 8622       1       java.awt.image.SinglePixelPackedSampleModel::getScanlineStride (5 bytes)
Event: 14.463 Thread 0x00000209bcf162c0 nmethod 8622 0x00000209b0930c08 code [0x00000209b0930d00, 0x00000209b0930dc8]
Event: 14.463 Thread 0x00000209bcf162c0 8623       1       java.awt.Color::getRGB (5 bytes)
Event: 14.463 Thread 0x00000209bcf162c0 nmethod 8623 0x00000209b0872208 code [0x00000209b0872300, 0x00000209b08723c8]
Event: 14.485 Thread 0x00000209bcf162c0 8624       1       sun.java2d.SurfaceData::getSurfaceType (5 bytes)
Event: 14.486 Thread 0x00000209bcf162c0 nmethod 8624 0x00000209b0875b88 code [0x00000209b0875c80, 0x00000209b0875d48]
Event: 14.583 Thread 0x00000209bcf162c0 8626       1       com.vaadin.flow.server.PwaIcon::getHeight (5 bytes)
Event: 14.583 Thread 0x00000209bcf162c0 nmethod 8626 0x00000209b068d888 code [0x00000209b068d980, 0x00000209b068da48]
Event: 14.597 Thread 0x00000209bcf09070 8627       4       java.lang.ref.Reference::clear (5 bytes)
Event: 14.597 Thread 0x00000209bcf09070 nmethod 8627 0x00000209b076ae88 code [0x00000209b076af80, 0x00000209b076b020]
Event: 14.614 Thread 0x00000209bcf162c0 8628       3       sun.security.provider.ByteArrayAccess::i2bBig4 (10 bytes)
Event: 14.615 Thread 0x00000209bcf162c0 nmethod 8628 0x00000209a8c58b08 code [0x00000209a8c58c00, 0x00000209a8c592a8]
Event: 14.615 Thread 0x00000209bcf162c0 8629       1       sun.security.provider.DigestBase::engineGetDigestLength (5 bytes)
Event: 14.615 Thread 0x00000209bcf162c0 nmethod 8629 0x00000209b07e9c08 code [0x00000209b07e9d00, 0x00000209b07e9dc8]
Event: 14.616 Thread 0x00000209bcf09070 8630       4       java.lang.Math::max (12 bytes)
Event: 14.617 Thread 0x00000209bcf09070 nmethod 8630 0x00000209b06c9888 code [0x00000209b06c9980, 0x00000209b06c99f0]
Event: 14.625 Thread 0x00000209bcf162c0 8631       3       java.io.RandomAccessFile::length (5 bytes)
Event: 14.626 Thread 0x00000209bcf162c0 nmethod 8631 0x00000209a8bb2c08 code [0x00000209a8bb2d00, 0x00000209a8bb2e30]

GC Heap Usage History (20 events):
Event: 11.136 {heap After GC invocations=22 (full 0):
 garbage-first heap   total reserved 2000896K, committed 276480K, used 56320K [0x0000000085e00000, 0x0000000100000000)
  region size 1024K, 2 young (2048K), 2 survivors (2048K)
}
Event: 12.847 {heap Before GC invocations=22 (full 0):
 garbage-first heap   total reserved 2000896K, committed 276480K, used 253952K [0x0000000085e00000, 0x0000000100000000)
  region size 1024K, 162 young (165888K), 2 survivors (2048K)
}
Event: 12.855 {heap After GC invocations=23 (full 0):
 garbage-first heap   total reserved 2000896K, committed 276480K, used 58556K [0x0000000085e00000, 0x0000000100000000)
  region size 1024K, 5 young (5120K), 5 survivors (5120K)
}
Event: 12.955 {heap Before GC invocations=23 (full 0):
 garbage-first heap   total reserved 2000896K, committed 276480K, used 71868K [0x0000000085e00000, 0x0000000100000000)
  region size 1024K, 19 young (19456K), 5 survivors (5120K)
}
Event: 12.962 {heap After GC invocations=24 (full 0):
 garbage-first heap   total reserved 2000896K, committed 276480K, used 58737K [0x0000000085e00000, 0x0000000100000000)
  region size 1024K, 5 young (5120K), 5 survivors (5120K)
}
Event: 13.331 {heap Before GC invocations=25 (full 0):
 garbage-first heap   total reserved 2000896K, committed 206848K, used 206193K [0x0000000085e00000, 0x0000000100000000)
  region size 1024K, 63 young (64512K), 5 survivors (5120K)
}
Event: 13.337 {heap After GC invocations=26 (full 0):
 garbage-first heap   total reserved 2000896K, committed 211968K, used 147227K [0x0000000085e00000, 0x0000000100000000)
  region size 1024K, 5 young (5120K), 5 survivors (5120K)
}
Event: 13.732 {heap Before GC invocations=26 (full 0):
 garbage-first heap   total reserved 2000896K, committed 256000K, used 255771K [0x0000000085e00000, 0x0000000100000000)
  region size 1024K, 43 young (44032K), 5 survivors (5120K)
}
Event: 13.740 {heap After GC invocations=27 (full 0):
 garbage-first heap   total reserved 2000896K, committed 263168K, used 198509K [0x0000000085e00000, 0x0000000100000000)
  region size 1024K, 4 young (4096K), 4 survivors (4096K)
}
Event: 13.755 {heap Before GC invocations=27 (full 0):
 garbage-first heap   total reserved 2000896K, committed 263168K, used 202605K [0x0000000085e00000, 0x0000000100000000)
  region size 1024K, 9 young (9216K), 4 survivors (4096K)
}
Event: 13.762 {heap After GC invocations=28 (full 0):
 garbage-first heap   total reserved 2000896K, committed 263168K, used 110730K [0x0000000085e00000, 0x0000000100000000)
  region size 1024K, 3 young (3072K), 3 survivors (3072K)
}
Event: 13.915 {heap Before GC invocations=28 (full 0):
 garbage-first heap   total reserved 2000896K, committed 263168K, used 119946K [0x0000000085e00000, 0x0000000100000000)
  region size 1024K, 11 young (11264K), 3 survivors (3072K)
}
Event: 13.920 {heap After GC invocations=29 (full 0):
 garbage-first heap   total reserved 2000896K, committed 263168K, used 113226K [0x0000000085e00000, 0x0000000100000000)
  region size 1024K, 3 young (3072K), 3 survivors (3072K)
}
Event: 14.346 {heap Before GC invocations=30 (full 0):
 garbage-first heap   total reserved 2000896K, committed 287744K, used 287306K [0x0000000085e00000, 0x0000000100000000)
  region size 1024K, 57 young (58368K), 3 survivors (3072K)
}
Event: 14.351 {heap After GC invocations=31 (full 0):
 garbage-first heap   total reserved 2000896K, committed 291840K, used 212638K [0x0000000085e00000, 0x0000000100000000)
  region size 1024K, 4 young (4096K), 4 survivors (4096K)
}
Event: 14.591 {heap Before GC invocations=31 (full 0):
 garbage-first heap   total reserved 2000896K, committed 305152K, used 303774K [0x0000000085e00000, 0x0000000100000000)
  region size 1024K, 36 young (36864K), 4 survivors (4096K)
}
Event: 14.596 {heap After GC invocations=32 (full 0):
 garbage-first heap   total reserved 2000896K, committed 308224K, used 154214K [0x0000000085e00000, 0x0000000100000000)
  region size 1024K, 3 young (3072K), 3 survivors (3072K)
}
Event: 14.608 {heap Before GC invocations=32 (full 0):
 garbage-first heap   total reserved 2000896K, committed 308224K, used 157286K [0x0000000085e00000, 0x0000000100000000)
  region size 1024K, 7 young (7168K), 3 survivors (3072K)
}
Event: 14.613 {heap After GC invocations=33 (full 0):
 garbage-first heap   total reserved 2000896K, committed 308224K, used 92818K [0x0000000085e00000, 0x0000000100000000)
  region size 1024K, 3 young (3072K), 3 survivors (3072K)
}
Event: 14.628 {heap Before GC invocations=33 (full 0):
 garbage-first heap   total reserved 2000896K, committed 308224K, used 101010K [0x0000000085e00000, 0x0000000100000000)
  region size 1024K, 10 young (10240K), 3 survivors (3072K)
}

Metaspace Usage History (20 events):
Event: 11.136 {metaspace After GC invocations=22 (full 0):
 Metaspace       used 38503K, committed 38976K, reserved 1114112K
  class space    used 4527K, committed 4736K, reserved 1048576K
}
Event: 12.847 {metaspace Before GC invocations=22 (full 0):
 Metaspace       used 43187K, committed 43648K, reserved 1114112K
  class space    used 5231K, committed 5440K, reserved 1048576K
}
Event: 12.855 {metaspace After GC invocations=23 (full 0):
 Metaspace       used 43187K, committed 43648K, reserved 1114112K
  class space    used 5231K, committed 5440K, reserved 1048576K
}
Event: 12.955 {metaspace Before GC invocations=23 (full 0):
 Metaspace       used 44302K, committed 44736K, reserved 1114112K
  class space    used 5337K, committed 5504K, reserved 1048576K
}
Event: 12.962 {metaspace After GC invocations=24 (full 0):
 Metaspace       used 44302K, committed 44736K, reserved 1114112K
  class space    used 5337K, committed 5504K, reserved 1048576K
}
Event: 13.331 {metaspace Before GC invocations=25 (full 0):
 Metaspace       used 46045K, committed 46592K, reserved 1114112K
  class space    used 5503K, committed 5760K, reserved 1048576K
}
Event: 13.337 {metaspace After GC invocations=26 (full 0):
 Metaspace       used 46045K, committed 46592K, reserved 1114112K
  class space    used 5503K, committed 5760K, reserved 1048576K
}
Event: 13.732 {metaspace Before GC invocations=26 (full 0):
 Metaspace       used 46049K, committed 46592K, reserved 1114112K
  class space    used 5503K, committed 5760K, reserved 1048576K
}
Event: 13.740 {metaspace After GC invocations=27 (full 0):
 Metaspace       used 46049K, committed 46592K, reserved 1114112K
  class space    used 5503K, committed 5760K, reserved 1048576K
}
Event: 13.755 {metaspace Before GC invocations=27 (full 0):
 Metaspace       used 46049K, committed 46592K, reserved 1114112K
  class space    used 5503K, committed 5760K, reserved 1048576K
}
Event: 13.762 {metaspace After GC invocations=28 (full 0):
 Metaspace       used 46049K, committed 46592K, reserved 1114112K
  class space    used 5503K, committed 5760K, reserved 1048576K
}
Event: 13.915 {metaspace Before GC invocations=28 (full 0):
 Metaspace       used 46049K, committed 46592K, reserved 1114112K
  class space    used 5503K, committed 5760K, reserved 1048576K
}
Event: 13.920 {metaspace After GC invocations=29 (full 0):
 Metaspace       used 46049K, committed 46592K, reserved 1114112K
  class space    used 5503K, committed 5760K, reserved 1048576K
}
Event: 14.346 {metaspace Before GC invocations=30 (full 0):
 Metaspace       used 46062K, committed 46592K, reserved 1114112K
  class space    used 5506K, committed 5760K, reserved 1048576K
}
Event: 14.351 {metaspace After GC invocations=31 (full 0):
 Metaspace       used 46062K, committed 46592K, reserved 1114112K
  class space    used 5506K, committed 5760K, reserved 1048576K
}
Event: 14.591 {metaspace Before GC invocations=31 (full 0):
 Metaspace       used 46062K, committed 46592K, reserved 1114112K
  class space    used 5506K, committed 5760K, reserved 1048576K
}
Event: 14.596 {metaspace After GC invocations=32 (full 0):
 Metaspace       used 46062K, committed 46592K, reserved 1114112K
  class space    used 5506K, committed 5760K, reserved 1048576K
}
Event: 14.608 {metaspace Before GC invocations=32 (full 0):
 Metaspace       used 46062K, committed 46592K, reserved 1114112K
  class space    used 5506K, committed 5760K, reserved 1048576K
}
Event: 14.613 {metaspace After GC invocations=33 (full 0):
 Metaspace       used 46062K, committed 46592K, reserved 1114112K
  class space    used 5506K, committed 5760K, reserved 1048576K
}
Event: 14.628 {metaspace Before GC invocations=33 (full 0):
 Metaspace       used 46062K, committed 46592K, reserved 1114112K
  class space    used 5506K, committed 5760K, reserved 1048576K
}

Dll operation events (8 events):
Event: 0.013 Loaded shared library C:\Program Files\Apache NetBeans\jdk\bin\java.dll
Event: 0.077 Loaded shared library C:\Program Files\Apache NetBeans\jdk\bin\net.dll
Event: 0.080 Loaded shared library C:\Program Files\Apache NetBeans\jdk\bin\nio.dll
Event: 0.086 Loaded shared library C:\Program Files\Apache NetBeans\jdk\bin\zip.dll
Event: 0.248 Loaded shared library C:\Program Files\Apache NetBeans\java\maven\lib\jansi-native\Windows\x86_64\jansi.dll
Event: 0.254 Loaded shared library C:\Program Files\Apache NetBeans\jdk\bin\jimage.dll
Event: 0.264 Loaded shared library C:\Program Files\Apache NetBeans\jdk\bin\verify.dll
Event: 12.898 Loaded shared library C:\Program Files\Apache NetBeans\jdk\bin\awt.dll

Deoptimization events (20 events):
Event: 13.382 Thread 0x00000209c4b69200 Uncommon trap: trap_request=0xffffffe4 fr.pc=0x00000209b0a08218 relative=0x0000000000001d78
Event: 13.382 Thread 0x00000209c4b69200 Uncommon trap: reason=range_check action=make_not_entrant pc=0x00000209b0a08218 method=java.awt.image.PackedColorModel.DecomposeMask(IILjava/lang/String;)V @ 8 c2
Event: 13.382 Thread 0x00000209c4b69200 DEOPT PACKING pc=0x00000209b0a08218 sp=0x000000d7a86fe910
Event: 13.382 Thread 0x00000209c4b69200 DEOPT UNPACKING pc=0x00000209b01cf582 sp=0x000000d7a86fe690 mode 2
Event: 13.519 Thread 0x00000209c33d0fd0 DEOPT PACKING pc=0x00000209a8c028fd sp=0x000000d7a89fed60
Event: 13.519 Thread 0x00000209c33d0fd0 DEOPT UNPACKING pc=0x00000209b0101702 sp=0x000000d7a89fe1e8 mode 0
Event: 13.519 Thread 0x00000209c33d0fd0 DEOPT PACKING pc=0x00000209a8c028fd sp=0x000000d7a89fed60
Event: 13.519 Thread 0x00000209c33d0fd0 DEOPT UNPACKING pc=0x00000209b0101702 sp=0x000000d7a89fe1e8 mode 0
Event: 13.525 Thread 0x00000209c4b699d0 DEOPT PACKING pc=0x00000209a8c028fd sp=0x000000d7a87fea70
Event: 13.525 Thread 0x00000209c4b699d0 DEOPT UNPACKING pc=0x00000209b0101702 sp=0x000000d7a87fdef8 mode 0
Event: 13.526 Thread 0x00000209c4b69200 DEOPT PACKING pc=0x00000209a8c028fd sp=0x000000d7a86feaa0
Event: 13.526 Thread 0x00000209c4b69200 DEOPT UNPACKING pc=0x00000209b0101702 sp=0x000000d7a86fdf28 mode 0
Event: 13.632 Thread 0x00000209c33d0fd0 Uncommon trap: trap_request=0xffffff45 fr.pc=0x00000209b0a12f14 relative=0x0000000000000a14
Event: 13.632 Thread 0x00000209c33d0fd0 Uncommon trap: reason=unstable_if action=reinterpret pc=0x00000209b0a12f14 method=com.sun.imageio.plugins.png.IDATOutputStream.deflate()V @ 28 c2
Event: 13.632 Thread 0x00000209c33d0fd0 DEOPT PACKING pc=0x00000209b0a12f14 sp=0x000000d7a89fedb0
Event: 13.632 Thread 0x00000209c33d0fd0 DEOPT UNPACKING pc=0x00000209b01cf582 sp=0x000000d7a89fed08 mode 2
Event: 13.651 Thread 0x00000209c33d2f10 Uncommon trap: trap_request=0xffffff45 fr.pc=0x00000209b0a0de30 relative=0x00000000000001b0
Event: 13.651 Thread 0x00000209c33d2f10 Uncommon trap: reason=unstable_if action=reinterpret pc=0x00000209b0a0de30 method=com.sun.imageio.plugins.png.IDATOutputStream.deflate()V @ 28 c2
Event: 13.651 Thread 0x00000209c33d2f10 DEOPT PACKING pc=0x00000209b0a0de30 sp=0x000000d7a88feff0
Event: 13.651 Thread 0x00000209c33d2f10 DEOPT UNPACKING pc=0x00000209b01cf582 sp=0x000000d7a88fef80 mode 2

Classes loaded (20 events):
Event: 13.183 Loading class com/sun/imageio/plugins/png/ChunkStream
Event: 13.183 Loading class com/sun/imageio/plugins/png/ChunkStream done
Event: 13.183 Loading class com/sun/imageio/plugins/png/CRC
Event: 13.183 Loading class com/sun/imageio/plugins/png/CRC done
Event: 13.184 Loading class com/sun/imageio/plugins/png/IDATOutputStream
Event: 13.185 Loading class com/sun/imageio/plugins/png/IDATOutputStream done
Event: 13.185 Loading class java/util/zip/Deflater
Event: 13.185 Loading class java/util/zip/Deflater done
Event: 13.187 Loading class java/util/zip/Deflater$DeflaterZStreamRef
Event: 13.187 Loading class java/util/zip/Deflater$DeflaterZStreamRef done
Event: 14.094 Loading class java/util/IdentityHashMap$ValueIterator
Event: 14.094 Loading class java/util/IdentityHashMap$ValueIterator done
Event: 14.095 Loading class sun/awt/AppContext$PostShutdownEventRunnable
Event: 14.095 Loading class sun/awt/AppContext$PostShutdownEventRunnable done
Event: 14.095 Loading class sun/awt/AWTAutoShutdown$1
Event: 14.095 Loading class sun/awt/AWTAutoShutdown$1 done
Event: 14.095 Loading class java/awt/AWTEvent$1
Event: 14.095 Loading class sun/awt/AWTAccessor$AWTEventAccessor
Event: 14.095 Loading class sun/awt/AWTAccessor$AWTEventAccessor done
Event: 14.095 Loading class java/awt/AWTEvent$1 done

Classes unloaded (0 events):
No events

Classes redefined (0 events):
No events

Internal exceptions (20 events):
Event: 9.974 Thread 0x000002099dd72a60 Exception <a 'java/lang/IncompatibleClassChangeError'{0x000000008a541d38}: Found class java.lang.Object, but interface was expected> (0x000000008a541d38) 
thrown [s\src\hotspot\share\interpreter\linkResolver.cpp, line 871]
Event: 12.160 Thread 0x000002099dd72a60 Implicit null exception at 0x00000209b073377f to 0x00000209b0734300
Event: 12.254 Thread 0x000002099dd72a60 Exception <a 'java/lang/NoSuchMethodError'{0x00000000912e26a0}: 'java.lang.Object java.lang.invoke.DirectMethodHandle$Holder.invokeVirtual(java.lang.Object, java.lang.Object, java.lang.Object, java.lang.Object)'> (0x00000000912e26a0) 
thrown [s\src\hotspot\share\interpreter\linkResolver.cpp, line 804]
Event: 12.416 Thread 0x000002099dd72a60 Exception <a 'java/lang/NoSuchMethodError'{0x000000009072a788}: 'java.lang.Object java.lang.invoke.DirectMethodHandle$Holder.invokeStaticInit(java.lang.Object, java.lang.Object, java.lang.Object, java.lang.Object)'> (0x000000009072a788) 
thrown [s\src\hotspot\share\interpreter\linkResolver.cpp, line 804]
Event: 12.425 Thread 0x000002099dd72a60 Exception <a 'java/lang/NoSuchMethodError'{0x0000000090786960}: 'java.lang.Object java.lang.invoke.Invokers$Holder.invokeExact_MT(java.lang.Object, java.lang.Object, java.lang.Object, java.lang.Object, java.lang.Object, java.lang.Object)'> (0x0000000090786960) 
thrown [s\src\hotspot\share\interpreter\linkResolver.cpp, line 804]
Event: 12.455 Thread 0x000002099dd72a60 Exception <a 'sun/nio/fs/WindowsException'{0x00000000906e0cd0}> (0x00000000906e0cd0) 
thrown [s\src\hotspot\share\prims\jni.cpp, line 516]
Event: 12.458 Thread 0x000002099dd72a60 Exception <a 'sun/nio/fs/WindowsException'{0x00000000906ec0c8}> (0x00000000906ec0c8) 
thrown [s\src\hotspot\share\prims\jni.cpp, line 516]
Event: 12.614 Thread 0x000002099dd72a60 Implicit null exception at 0x00000209b097e839 to 0x00000209b097ee70
Event: 12.614 Thread 0x000002099dd72a60 Implicit null exception at 0x00000209b097f2b7 to 0x00000209b097f8c4
Event: 12.690 Thread 0x000002099dd72a60 Exception <a 'sun/nio/fs/WindowsException'{0x000000008debc450}> (0x000000008debc450) 
thrown [s\src\hotspot\share\prims\jni.cpp, line 516]
Event: 12.729 Thread 0x000002099dd72a60 Exception <a 'sun/nio/fs/WindowsException'{0x000000008d77bdf0}> (0x000000008d77bdf0) 
thrown [s\src\hotspot\share\prims\jni.cpp, line 516]
Event: 12.843 Thread 0x000002099dd72a60 Exception <a 'sun/nio/fs/WindowsException'{0x000000008c7b6f28}> (0x000000008c7b6f28) 
thrown [s\src\hotspot\share\prims\jni.cpp, line 516]
Event: 12.883 Thread 0x000002099dd72a60 Exception <a 'sun/nio/fs/WindowsException'{0x000000009583f348}> (0x000000009583f348) 
thrown [s\src\hotspot\share\prims\jni.cpp, line 516]
Event: 12.892 Thread 0x000002099dd72a60 Exception <a 'java/lang/ClassNotFoundException'{0x0000000095851340}: sun/awt/resources/spi/awtProvider> (0x0000000095851340) 
thrown [s\src\hotspot\share\classfile\systemDictionary.cpp, line 327]
Event: 12.899 Thread 0x000002099dd72a60 Exception <a 'java/io/FileNotFoundException'{0x0000000095854020}> (0x0000000095854020) 
thrown [s\src\hotspot\share\prims\jni.cpp, line 516]
Event: 12.899 Thread 0x000002099dd72a60 Exception <a 'java/io/FileNotFoundException'{0x0000000095854d18}> (0x0000000095854d18) 
thrown [s\src\hotspot\share\prims\jni.cpp, line 516]
Event: 12.937 Thread 0x000002099dd72a60 Exception <a 'java/lang/NoSuchMethodError'{0x0000000095726180}: 'java.lang.Object java.lang.invoke.DirectMethodHandle$Holder.invokeStaticInit(java.lang.Object, java.lang.Object, int, int, int, int)'> (0x0000000095726180) 
thrown [s\src\hotspot\share\interpreter\linkResolver.cpp, line 804]
Event: 12.999 Thread 0x000002099dd72a60 Exception <a 'sun/nio/fs/WindowsException'{0x00000000ffb09678}> (0x00000000ffb09678) 
thrown [s\src\hotspot\share\prims\jni.cpp, line 516]
Event: 13.006 Thread 0x000002099dd72a60 Exception <a 'java/lang/NoSuchMethodError'{0x00000000ffb26390}: 'java.lang.Object java.lang.invoke.DirectMethodHandle$Holder.invokeSpecial(java.lang.Object, java.lang.Object, java.lang.Object, java.lang.Object, long)'> (0x00000000ffb26390) 
thrown [s\src\hotspot\share\interpreter\linkResolver.cpp, line 804]
Event: 13.007 Thread 0x000002099dd72a60 Exception <a 'java/lang/NoSuchMethodError'{0x00000000ffb36bf0}: 'java.lang.Object java.lang.invoke.Invokers$Holder.linkToTargetMethod(java.lang.Object, long, java.lang.Object)'> (0x00000000ffb36bf0) 
thrown [s\src\hotspot\share\interpreter\linkResolver.cpp, line 804]

VM Operations (20 events):
Event: 13.053 Executing safepoint VM operation: G1PauseCleanup done
Event: 13.331 Executing safepoint VM operation: G1CollectForAllocation (G1 Evacuation Pause)
Event: 13.338 Executing safepoint VM operation: G1CollectForAllocation (G1 Evacuation Pause) done
Event: 13.732 Executing safepoint VM operation: G1CollectForAllocation (G1 Evacuation Pause)
Event: 13.740 Executing safepoint VM operation: G1CollectForAllocation (G1 Evacuation Pause) done
Event: 13.755 Executing safepoint VM operation: G1TryInitiateConcMark (G1 Humongous Allocation)
Event: 13.762 Executing safepoint VM operation: G1TryInitiateConcMark (G1 Humongous Allocation) done
Event: 13.915 Executing safepoint VM operation: G1TryInitiateConcMark (G1 Humongous Allocation)
Event: 13.920 Executing safepoint VM operation: G1TryInitiateConcMark (G1 Humongous Allocation) done
Event: 13.972 Executing safepoint VM operation: G1PauseRemark
Event: 13.977 Executing safepoint VM operation: G1PauseRemark done
Event: 14.010 Executing safepoint VM operation: G1PauseCleanup
Event: 14.010 Executing safepoint VM operation: G1PauseCleanup done
Event: 14.346 Executing safepoint VM operation: G1CollectForAllocation (G1 Evacuation Pause)
Event: 14.351 Executing safepoint VM operation: G1CollectForAllocation (G1 Evacuation Pause) done
Event: 14.591 Executing safepoint VM operation: G1CollectForAllocation (G1 Evacuation Pause)
Event: 14.596 Executing safepoint VM operation: G1CollectForAllocation (G1 Evacuation Pause) done
Event: 14.608 Executing safepoint VM operation: G1TryInitiateConcMark (G1 Humongous Allocation)
Event: 14.613 Executing safepoint VM operation: G1TryInitiateConcMark (G1 Humongous Allocation) done
Event: 14.627 Executing safepoint VM operation: G1TryInitiateConcMark (G1 Humongous Allocation)

Memory protections (0 events):
No events

Nmethod flushes (20 events):
Event: 13.976 Thread 0x00000209bcee70b0 flushing  nmethod 0x00000209a9163588
Event: 13.976 Thread 0x00000209bcee70b0 flushing  nmethod 0x00000209a9228108
Event: 13.976 Thread 0x00000209bcee70b0 flushing  nmethod 0x00000209a9417908
Event: 13.976 Thread 0x00000209bcee70b0 flushing  nmethod 0x00000209a9418888
Event: 13.976 Thread 0x00000209bcee70b0 flushing  nmethod 0x00000209a947cd88
Event: 13.976 Thread 0x00000209bcee70b0 flushing  nmethod 0x00000209a94b7688
Event: 13.976 Thread 0x00000209bcee70b0 flushing  nmethod 0x00000209a94bf008
Event: 13.976 Thread 0x00000209bcee70b0 flushing  nmethod 0x00000209a9350508
Event: 13.976 Thread 0x00000209bcee70b0 flushing  nmethod 0x00000209a9402808
Event: 13.976 Thread 0x00000209bcee70b0 flushing  nmethod 0x00000209a9405d08
Event: 13.976 Thread 0x00000209bcee70b0 flushing  nmethod 0x00000209a9455088
Event: 13.976 Thread 0x00000209bcee70b0 flushing  nmethod 0x00000209a9459008
Event: 13.976 Thread 0x00000209bcee70b0 flushing  nmethod 0x00000209a948ee88
Event: 13.976 Thread 0x00000209bcee70b0 flushing  nmethod 0x00000209a9492c88
Event: 13.976 Thread 0x00000209bcee70b0 flushing  nmethod 0x00000209a9493f08
Event: 13.976 Thread 0x00000209bcee70b0 flushing  nmethod 0x00000209a964e708
Event: 13.976 Thread 0x00000209bcee70b0 flushing  nmethod 0x00000209a9679408
Event: 13.976 Thread 0x00000209bcee70b0 flushing  nmethod 0x00000209a967ba88
Event: 13.976 Thread 0x00000209bcee70b0 flushing  nmethod 0x00000209a967cd08
Event: 13.976 Thread 0x00000209bcee70b0 flushing  nmethod 0x00000209a967f088

Events (20 events):
Event: 9.571 Thread 0x00000209c3771770 Thread exited: 0x00000209c3771770
Event: 9.572 Thread 0x00000209c3774650 Thread exited: 0x00000209c3774650
Event: 9.572 Thread 0x00000209c37707d0 Thread exited: 0x00000209c37707d0
Event: 9.572 Thread 0x00000209c37755f0 Thread exited: 0x00000209c37755f0
Event: 9.573 Thread 0x00000209c33d2f10 Thread exited: 0x00000209c33d2f10
Event: 9.573 Thread 0x00000209c33d36e0 Thread exited: 0x00000209c33d36e0
Event: 9.574 Thread 0x00000209c3773e80 Thread exited: 0x00000209c3773e80
Event: 10.018 Thread 0x00000209c22fb060 Thread exited: 0x00000209c22fb060
Event: 10.020 Thread 0x000002099dd72a60 Thread added: 0x00000209c4b643e0
Event: 10.398 Thread 0x00000209bcf162c0 Thread added: 0x00000209c5401cd0
Event: 12.943 Thread 0x000002099dd72a60 Thread added: 0x00000209c4b67a90
Event: 13.025 Thread 0x000002099dd72a60 Thread added: 0x00000209c4b69200
Event: 13.025 Thread 0x000002099dd72a60 Thread added: 0x00000209c4b699d0
Event: 13.025 Thread 0x000002099dd72a60 Thread added: 0x00000209c33d2f10
Event: 13.025 Thread 0x000002099dd72a60 Thread added: 0x00000209c33d0fd0
Event: 13.078 Thread 0x00000209c4b69200 Thread added: 0x00000209c33d1f70
Event: 13.078 Thread 0x00000209c4b69200 Thread added: 0x00000209c33d17a0
Event: 13.635 Thread 0x00000209c5401cd0 Thread exited: 0x00000209c5401cd0
Event: 13.655 Thread 0x00000209c1012a00 Thread exited: 0x00000209c1012a00
Event: 14.095 Thread 0x00000209c33d1f70 Thread exited: 0x00000209c33d1f70


Dynamic libraries:
0x00007ff617a20000 - 0x00007ff617a2e000 	C:\Program Files\Apache NetBeans\jdk\bin\java.exe
0x00007ff913920000 - 0x00007ff913b87000 	C:\WINDOWS\SYSTEM32\ntdll.dll
0x00007ff9123a0000 - 0x00007ff912469000 	C:\WINDOWS\System32\KERNEL32.DLL
0x00007ff9110a0000 - 0x00007ff911494000 	C:\WINDOWS\System32\KERNELBASE.dll
0x00007ff9101f0000 - 0x00007ff91033b000 	C:\WINDOWS\System32\ucrtbase.dll
0x00007ff8fa620000 - 0x00007ff8fa636000 	C:\Program Files\Apache NetBeans\jdk\bin\jli.dll
0x00007ff8fa6a0000 - 0x00007ff8fa6be000 	C:\Program Files\Apache NetBeans\jdk\bin\VCRUNTIME140.dll
0x00007ff911d30000 - 0x00007ff911ef5000 	C:\WINDOWS\System32\USER32.dll
0x00007ff910bb0000 - 0x00007ff910bd7000 	C:\WINDOWS\System32\win32u.dll
0x00007ff8f85d0000 - 0x00007ff8f8863000 	C:\WINDOWS\WinSxS\amd64_microsoft.windows.common-controls_6595b64144ccf1df_6.0.26100.8115_none_3e075c82e3354f9c\COMCTL32.dll
0x00007ff911cd0000 - 0x00007ff911cfb000 	C:\WINDOWS\System32\GDI32.dll
0x00007ff913330000 - 0x00007ff9133d9000 	C:\WINDOWS\System32\msvcrt.dll
0x00007ff910e10000 - 0x00007ff910f3b000 	C:\WINDOWS\System32\gdi32full.dll
0x00007ff910ff0000 - 0x00007ff911093000 	C:\WINDOWS\System32\msvcp_win.dll
0x00007ff912150000 - 0x00007ff912182000 	C:\WINDOWS\System32\IMM32.DLL
0x00007ff904650000 - 0x00007ff90465c000 	C:\Program Files\Apache NetBeans\jdk\bin\vcruntime140_1.dll
0x00007ff8fc620000 - 0x00007ff8fc6ad000 	C:\Program Files\Apache NetBeans\jdk\bin\msvcp140.dll
0x00007ff88be80000 - 0x00007ff88cda6000 	C:\Program Files\Apache NetBeans\jdk\bin\server\jvm.dll
0x00007ff9135c0000 - 0x00007ff913676000 	C:\WINDOWS\System32\ADVAPI32.dll
0x00007ff913830000 - 0x00007ff9138d7000 	C:\WINDOWS\System32\sechost.dll
0x00007ff912470000 - 0x00007ff912588000 	C:\WINDOWS\System32\RPCRT4.dll
0x00007ff912b20000 - 0x00007ff912ba0000 	C:\WINDOWS\System32\WS2_32.dll
0x00007ff910070000 - 0x00007ff9100ce000 	C:\WINDOWS\SYSTEM32\POWRPROF.dll
0x00007ff8fd110000 - 0x00007ff8fd11b000 	C:\WINDOWS\SYSTEM32\VERSION.dll
0x00007ff906390000 - 0x00007ff9063c6000 	C:\WINDOWS\SYSTEM32\WINMM.dll
0x00007ff910050000 - 0x00007ff910064000 	C:\WINDOWS\SYSTEM32\UMPDC.dll
0x00007ff90ef80000 - 0x00007ff90ef9b000 	C:\WINDOWS\SYSTEM32\kernel.appcore.dll
0x00007ff9043f0000 - 0x00007ff9043fa000 	C:\Program Files\Apache NetBeans\jdk\bin\jimage.dll
0x00007ff90e270000 - 0x00007ff90e4b2000 	C:\WINDOWS\SYSTEM32\DBGHELP.DLL
0x00007ff912710000 - 0x00007ff912a92000 	C:\WINDOWS\System32\combase.dll
0x00007ff911f70000 - 0x00007ff912048000 	C:\WINDOWS\System32\OLEAUT32.dll
0x00007ff8f33f0000 - 0x00007ff8f342b000 	C:\WINDOWS\SYSTEM32\dbgcore.DLL
0x00007ff910f40000 - 0x00007ff910fe5000 	C:\WINDOWS\System32\bcryptPrimitives.dll
0x00007ff8fa640000 - 0x00007ff8fa65e000 	C:\Program Files\Apache NetBeans\jdk\bin\java.dll
0x00007ff913680000 - 0x00007ff913817000 	C:\WINDOWS\System32\ole32.dll
0x00007ff912bb0000 - 0x00007ff913317000 	C:\WINDOWS\System32\SHELL32.dll
0x00007ff910be0000 - 0x00007ff910d4a000 	C:\WINDOWS\System32\wintypes.dll
0x00007ff910340000 - 0x00007ff910ba8000 	C:\WINDOWS\System32\windows.storage.dll
0x00007ff912050000 - 0x00007ff912148000 	C:\WINDOWS\System32\SHCORE.dll
0x00007ff9126a0000 - 0x00007ff912706000 	C:\WINDOWS\System32\shlwapi.dll
0x00007ff910110000 - 0x00007ff910139000 	C:\WINDOWS\SYSTEM32\profapi.dll
0x00007ff8fa5e0000 - 0x00007ff8fa5f1000 	C:\Program Files\Apache NetBeans\jdk\bin\net.dll
0x00007ff90f4f0000 - 0x00007ff90f55c000 	C:\WINDOWS\system32\mswsock.dll
0x00007ff9083b0000 - 0x00007ff9083c6000 	C:\Program Files\Apache NetBeans\jdk\bin\nio.dll
0x00007ff8fa600000 - 0x00007ff8fa617000 	C:\Program Files\Apache NetBeans\jdk\bin\zip.dll
0x00007ff904690000 - 0x00007ff9046b4000 	C:\Program Files\Apache NetBeans\java\maven\lib\jansi-native\Windows\x86_64\jansi.dll
0x00007ff908de0000 - 0x00007ff908df0000 	C:\Program Files\Apache NetBeans\jdk\bin\verify.dll
0x00007ff8d92e0000 - 0x00007ff8d9460000 	C:\Program Files\Apache NetBeans\jdk\bin\awt.dll
0x00007ff90aee0000 - 0x00007ff90af7f000 	C:\WINDOWS\SYSTEM32\apphelp.dll
0x00007ff90f7d0000 - 0x00007ff90f7eb000 	C:\WINDOWS\SYSTEM32\CRYPTSP.dll
0x00007ff90eee0000 - 0x00007ff90ef19000 	C:\WINDOWS\system32\rsaenh.dll
0x00007ff90f5a0000 - 0x00007ff90f5d3000 	C:\WINDOWS\SYSTEM32\USERENV.dll
0x00007ff9100e0000 - 0x00007ff91010a000 	C:\WINDOWS\SYSTEM32\bcrypt.dll
0x00007ff90f7f0000 - 0x00007ff90f7fc000 	C:\WINDOWS\SYSTEM32\CRYPTBASE.dll
0x00007ff90e980000 - 0x00007ff90e9b2000 	C:\WINDOWS\SYSTEM32\IPHLPAPI.DLL
0x00007ff913820000 - 0x00007ff91382a000 	C:\WINDOWS\System32\NSI.dll
0x00007ff90d970000 - 0x00007ff90d99f000 	C:\WINDOWS\system32\DWMAPI.DLL
0x00007ff90b0d0000 - 0x00007ff90b179000 	C:\WINDOWS\system32\uxtheme.dll
0x00007ff911b70000 - 0x00007ff911ccc000 	C:\WINDOWS\System32\MSCTF.dll

JVMTI agents: none

dbghelp: loaded successfully - version: 4.0.5 - missing functions: none
symbol engine: initialized successfully - sym options: 0x614 - pdb path: .;C:\Program Files\Apache NetBeans\jdk\bin;C:\WINDOWS\SYSTEM32;C:\WINDOWS\WinSxS\amd64_microsoft.windows.common-controls_6595b64144ccf1df_6.0.26100.8115_none_3e075c82e3354f9c;C:\Program Files\Apache NetBeans\jdk\bin\server;C:\Program Files\Apache NetBeans\java\maven\lib\jansi-native\Windows\x86_64

VM Arguments:
jvm_args: -Dsun.stdout.encoding=UTF-8 -Dsun.stderr.encoding=UTF-8 --enable-native-access=ALL-UNNAMED -Dclassworlds.conf=C:\Program Files\Apache NetBeans\java\maven\bin\m2.conf -Dmaven.home=C:\Program Files\Apache NetBeans\java\maven -Dlibrary.jansi.path=C:\Program Files\Apache NetBeans\java\maven\lib\jansi-native -Dmaven.multiModuleProjectDirectory=C:\Users\alexp\OneDrive\Documentos\NetBeansProjects\LibreriaEdex 
java_command: org.codehaus.plexus.classworlds.launcher.Launcher -Dnetbeans.deploy=true -Dexec.vmArgs= -Dexec.appArgs= -Dmaven.ext.class.path=C:\Program Files\Apache NetBeans\java\maven-nblib\netbeans-eventspy.jar --no-transfer-progress package
java_class_path (initial): C:\Program Files\Apache NetBeans\java\maven\boot\plexus-classworlds-2.9.0.jar
Launcher Type: SUN_STANDARD

[Global flags]
     intx CICompilerCount                          = 4                                         {product} {ergonomic}
     uint ConcGCThreads                            = 2                                         {product} {ergonomic}
     uint G1ConcRefinementThreads                  = 8                                         {product} {ergonomic}
   size_t G1HeapRegionSize                         = 1048576                                   {product} {ergonomic}
   size_t InitialHeapSize                          = 130023424                                 {product} {ergonomic}
   size_t MarkStackSize                            = 4194304                                   {product} {ergonomic}
   size_t MarkStackSizeMax                         = 536870912                                 {product} {ergonomic}
   size_t MaxHeapSize                              = 2048917504                                {product} {ergonomic}
   size_t MaxNewSize                               = 1228931072                                {product} {ergonomic}
   size_t MinHeapDeltaBytes                        = 1048576                                   {product} {ergonomic}
   size_t MinHeapSize                              = 8388608                                   {product} {ergonomic}
    uintx NonNMethodCodeHeapSize                   = 5832704                                {pd product} {ergonomic}
    uintx NonProfiledCodeHeapSize                  = 122945536                              {pd product} {ergonomic}
    uintx ProfiledCodeHeapSize                     = 122880000                              {pd product} {ergonomic}
    uintx ReservedCodeCacheSize                    = 251658240                              {pd product} {ergonomic}
     bool SegmentedCodeCache                       = true                                      {product} {ergonomic}
   size_t SoftMaxHeapSize                          = 2048917504                             {manageable} {ergonomic}
     bool UseCompressedOops                        = true                           {product lp64_product} {ergonomic}
     bool UseG1GC                                  = true                                      {product} {ergonomic}
     bool UseLargePagesIndividualAllocation        = false                                  {pd product} {ergonomic}

Logging:
Log output configuration:
 #0: stdout all=warning uptime,level,tags foldmultilines=false
 #1: stderr all=off uptime,level,tags foldmultilines=false

Release file:
IMPLEMENTOR="Eclipse Adoptium" 
IMPLEMENTOR_VERSION="Temurin-25.0.2+10" 
JAVA_RUNTIME_VERSION="25.0.2+10-LTS" 
JAVA_VERSION="25.0.2" 
JAVA_VERSION_DATE="2026-01-20" 
LIBC="default" 
MODULES="java.base java.compiler java.datatransfer java.xml java.prefs java.desktop java.instrument java.logging java.management java.security.sasl java.naming java.rmi java.management.rmi java.net.http java.scripting java.security.jgss java.transaction.xa java.sql java.sql.rowset java.xml.crypto java.se java.smartcardio jdk.accessibility jdk.internal.jvmstat jdk.attach jdk.charsets jdk.internal.opt jdk.zipfs jdk.compiler jdk.crypto.cryptoki jdk.crypto.ec jdk.crypto.mscapi jdk.dynalink jdk.internal.ed jdk.editpad jdk.internal.vm.ci jdk.graal.compiler jdk.graal.compiler.management jdk.hotspot.agent jdk.httpserver jdk.incubator.vector jdk.internal.le jdk.internal.md jdk.jartool jdk.javadoc jdk.jcmd jdk.management jdk.management.agent jdk.jconsole jdk.jdeps jdk.jdwp.agent jdk.jdi jdk.jfr jdk.jlink jdk.jpackage jdk.jshell jdk.jsobject jdk.jstatd jdk.localedata jdk.management.jfr jdk.naming.dns jdk.naming.rmi jdk.net jdk.nio.mapmode jdk.sctp jdk.security.auth jdk.security.jgss jdk.unsupported jdk.unsupported.desktop jdk.xml.dom" 
OS_ARCH="x86_64" 
OS_NAME="Windows" 
SOURCE=".:git:9e3c947043a4" 
BUILD_SOURCE="git:458965074606f027bd5afce2cfd5c1055dea0438"
BUILD_SOURCE_REPO="https://github.com/adoptium/temurin-build.git"
SOURCE_REPO="https://github.com/adoptium/jdk25u.git"
FULL_VERSION="25.0.2+10-LTS"
SEMANTIC_VERSION="25.0.2+10"
BUILD_INFO="OS: Windows Server 2022 Version: 10.0"
JVM_VARIANT="Hotspot"
JVM_VERSION="25.0.2+10-LTS"
IMAGE_TYPE="JDK"

Environment Variables:
JAVA_HOME=C:\Program Files\Apache NetBeans\jdk
JAVA_TOOL_OPTIONS= -Dsun.stdout.encoding=UTF-8 -Dsun.stderr.encoding=UTF-8
PATH=C:\Program Files\Common Files\Oracle\Java\javapath;C:\Program Files\Microsoft MPI\Bin\;C:\WINDOWS\system32;C:\WINDOWS;C:\WINDOWS\System32\Wbem;C:\WINDOWS\System32\WindowsPowerShell\v1.0\;C:\WINDOWS\System32\OpenSSH\;C:\Program Files\dotnet\;C:\Program Files\Microsoft SQL Server\Client SDK\ODBC\170\Tools\Binn\;C:\Program Files (x86)\Microsoft SQL Server\160\Tools\Binn\;C:\Program Files\Microsoft SQL Server\160\Tools\Binn\;C:\Program Files\Microsoft SQL Server\160\DTS\Binn\;C:\Program Files\Git\cmd;C:\Program Files\MySQL\MySQL Shell 8.0\bin\;C:\apache-maven-3.9.12\bin;C:\Users\alexp\AppData\Local\Programs\Microsoft VS Code\bin;C:\Program Files\Java\jdk-26\bin;C:\Users\alexp\AppData\Local\GitHubDesktop\bin;C:\Program Files\Apache NetBeans\bin\
USERNAME=alexp
OS=Windows_NT
PROCESSOR_IDENTIFIER=Intel64 Family 6 Model 190 Stepping 0, GenuineIntel
TMP=C:\Users\alexp\AppData\Local\Temp
TEMP=C:\Users\alexp\AppData\Local\Temp




Compilation memory statistics disabled.

Periodic native trim disabled

---------------  S Y S T E M  ---------------

OS:
 Windows 11 , 64 bit Build 26100 (10.0.26100.8246)
OS uptime: 0 days 1:43 hours

CPU: total 8 (initial active 8) (8 cores per cpu, 1 threads per core) family 6 model 190 stepping 0 microcode 0x15, cx8, cmov, fxsr, mmx, 3dnowpref, sse, sse2, sse3, ssse3, sse4.1, sse4.2, popcnt, lzcnt, tsc, tscinvbit, avx, avx2, aes, erms, clmul, bmi1, bmi2, adx, sha, fma, vzeroupper, clflush, clflushopt, clwb, serialize, rdtscp, rdpid, fsrm, gfni, f16c, pku, cet_ibt, cet_ss
Processor Information for processor 0
  Max Mhz: 1800, Current Mhz: 1500, Mhz Limit: 1800
Processor Information for processor 1
  Max Mhz: 1800, Current Mhz: 1500, Mhz Limit: 1800
Processor Information for processor 2
  Max Mhz: 1800, Current Mhz: 1500, Mhz Limit: 1800
Processor Information for processor 3
  Max Mhz: 1800, Current Mhz: 1500, Mhz Limit: 1800
Processor Information for processor 4
  Max Mhz: 1800, Current Mhz: 1500, Mhz Limit: 1800
Processor Information for processor 5
  Max Mhz: 1800, Current Mhz: 1800, Mhz Limit: 1800
Processor Information for processor 6
  Max Mhz: 1800, Current Mhz: 1800, Mhz Limit: 1800
Processor Information for processor 7
  Max Mhz: 1800, Current Mhz: 1500, Mhz Limit: 1800

Memory: 4k page, system-wide physical 7815M (883M free)
TotalPageFile size 9863M (AvailPageFile size 31M)
current process WorkingSet (physical memory assigned to process): 454M, peak: 496M
current process commit charge ("private bytes"): 840M, peak: 875M

vm_info: OpenJDK 64-Bit Server VM (25.0.2+10-LTS) for windows-amd64 JRE (25.0.2+10-LTS), built on 2026-01-20T00:00:00Z with MS VC++ 17.12 (VS2022)

END.
